<?xml version="1.0" encoding="UTF-8"?>
<robot generator="Robot 7.4.2 (Python 3.14.7 on linux)" generated="2026-09-11T00:45:45.917939" rpa="false" schemaversion="5">
<suite id="s1" name="Virtual HIL Release Gate" source="/home/ubuntu/repos/Virtual-HIL-Framework/tests">
<suite id="s1-s1" name="Functional" source="/home/ubuntu/repos/Virtual-HIL-Framework/tests/functional">
<suite id="s1-s1-s1" name="Test Battery Http" source="/home/ubuntu/repos/Virtual-HIL-Framework/tests/functional/test_battery_http.robot">
<kw name="Start ECU Server" type="SETUP">
<kw name="Log" owner="BuiltIn">
<msg time="2026-09-11T00:45:45.999367" level="INFO">Connecting to ECU server at http://localhost:8000</msg>
<arg>Connecting to ECU server at http://localhost:8000</arg>
<doc>Logs the given message with the given level.</doc>
<status status="PASS" start="2026-09-11T00:45:45.999151" elapsed="0.000271"/>
</kw>
<kw name="Wait For Ecu Ready" owner="libraries.ECUSimulatorHTTPLibrary">
<msg time="2026-09-11T00:45:46.002026" level="INFO">Health check result: {'status': 'healthy', 'version': '0.1.0'}, status=healthy</msg>
<msg time="2026-09-11T00:45:46.002078" level="INFO">ECU server is ready (status: healthy)</msg>
<msg time="2026-09-11T00:45:46.002157" level="INFO">${ready} = True</msg>
<var>${ready}</var>
<arg>timeout=30</arg>
<doc>Wait for ECU server to be ready (accepts both 'healthy' and 'stopped' states)</doc>
<status status="PASS" start="2026-09-11T00:45:45.999535" elapsed="0.002641"/>
</kw>
<kw name="Run Keyword If" owner="BuiltIn">
<arg>not ${ready}</arg>
<arg>Fatal Error</arg>
<arg>ECU server not ready within timeout</arg>
<doc>Runs the given keyword with the given arguments, if ``condition`` is true.</doc>
<status status="PASS" start="2026-09-11T00:45:46.002293" elapsed="0.000345"/>
</kw>
<kw name="Log" owner="BuiltIn">
<msg time="2026-09-11T00:45:46.002878" level="INFO">ECU server is ready and healthy</msg>
<arg>ECU server is ready and healthy</arg>
<doc>Logs the given message with the given level.</doc>
<status status="PASS" start="2026-09-11T00:45:46.002726" elapsed="0.000180"/>
</kw>
<kw name="Start Ecu" owner="libraries.ECUSimulatorHTTPLibrary">
<msg time="2026-09-11T00:45:46.004519" level="INFO">ECU started</msg>
<doc>Start the ECU simulation via HTTP API</doc>
<status status="PASS" start="2026-09-11T00:45:46.002970" elapsed="0.001600"/>
</kw>
<kw name="Log" owner="BuiltIn">
<msg time="2026-09-11T00:45:46.004828" level="INFO">ECU server connection established</msg>
<arg>ECU server connection established</arg>
<doc>Logs the given message with the given level.</doc>
<status status="PASS" start="2026-09-11T00:45:46.004664" elapsed="0.000193"/>
</kw>
<doc>Initialize connection to ECU server</doc>
<status status="PASS" start="2026-09-11T00:45:45.998710" elapsed="0.006193"/>
</kw>
<test id="s1-s1-s1-t1" name="TC001 ECU Health Check" line="17">
<kw name="Check Ecu Health" owner="libraries.ECUSimulatorHTTPLibrary">
<msg time="2026-09-11T00:45:46.006492" level="INFO">${status} = healthy</msg>
<var>${status}</var>
<doc>Check if ECU server is healthy</doc>
<status status="PASS" start="2026-09-11T00:45:46.005306" elapsed="0.001210"/>
</kw>
<kw name="Should Be Equal" owner="BuiltIn">
<arg>${status}</arg>
<arg>healthy</arg>
<arg>msg=ECU server is not healthy</arg>
<doc>Fails if the given objects are unequal.</doc>
<status status="PASS" start="2026-09-11T00:45:46.006616" elapsed="0.000309"/>
</kw>
<doc>Verify the ECU server is running and healthy</doc>
<tag>health</tag>
<tag>http</tag>
<tag>smoke</tag>
<timeout value="30 seconds"/>
<status status="PASS" start="2026-09-11T00:45:46.005003" elapsed="0.002011"/>
</test>
<test id="s1-s1-s1-t2" name="TC002 Get Initial Status" line="25">
<kw name="Get Ecu Status" owner="libraries.ECUSimulatorHTTPLibrary">
<msg time="2026-09-11T00:45:46.008401" level="INFO">${status} = {'soc': 100.0, 'soh': 100.0, 'voltage': 359.40000000000003, 'current': 0.0, 'temperature': 26.979166666666668, 'max_cell_temp': 29.0, 'min_cell_temp': 25.0, 'max_cell_voltage': 3.79, 'min_cell_voltage...</msg>
<var>${status}</var>
<doc>Get full ECU status</doc>
<status status="PASS" start="2026-09-11T00:45:46.007432" elapsed="0.000994"/>
</kw>
<kw name="Log" owner="BuiltIn">
<msg time="2026-09-11T00:45:46.008753" level="INFO">Full ECU Status: {'soc': 100.0, 'soh': 100.0, 'voltage': 359.40000000000003, 'current': 0.0, 'temperature': 26.979166666666668, 'max_cell_temp': 29.0, 'min_cell_temp': 25.0, 'max_cell_voltage': 3.79, 'min_cell_voltage': 3.7, 'faults': [], 'running': True}</msg>
<arg>Full ECU Status: ${status}</arg>
<doc>Logs the given message with the given level.</doc>
<status status="PASS" start="2026-09-11T00:45:46.008518" elapsed="0.000273"/>
</kw>
<kw name="Dictionary Should Contain Key" owner="Collections">
<arg>${status}</arg>
<arg>soc</arg>
<doc>Fails if ``key`` is not found from ``dictionary``.</doc>
<status status="PASS" start="2026-09-11T00:45:46.008863" elapsed="0.000139"/>
</kw>
<kw name="Dictionary Should Contain Key" owner="Collections">
<arg>${status}</arg>
<arg>soh</arg>
<doc>Fails if ``key`` is not found from ``dictionary``.</doc>
<status status="PASS" start="2026-09-11T00:45:46.009068" elapsed="0.000131"/>
</kw>
<kw name="Dictionary Should Contain Key" owner="Collections">
<arg>${status}</arg>
<arg>voltage</arg>
<doc>Fails if ``key`` is not found from ``dictionary``.</doc>
<status status="PASS" start="2026-09-11T00:45:46.009262" elapsed="0.000116"/>
</kw>
<kw name="Dictionary Should Contain Key" owner="Collections">
<arg>${status}</arg>
<arg>current</arg>
<doc>Fails if ``key`` is not found from ``dictionary``.</doc>
<status status="PASS" start="2026-09-11T00:45:46.009441" elapsed="0.000132"/>
</kw>
<kw name="Dictionary Should Contain Key" owner="Collections">
<arg>${status}</arg>
<arg>temperature</arg>
<doc>Fails if ``key`` is not found from ``dictionary``.</doc>
<status status="PASS" start="2026-09-11T00:45:46.009646" elapsed="0.000110"/>
</kw>
<kw name="Dictionary Should Contain Key" owner="Collections">
<arg>${status}</arg>
<arg>faults</arg>
<doc>Fails if ``key`` is not found from ``dictionary``.</doc>
<status status="PASS" start="2026-09-11T00:45:46.009816" elapsed="0.000105"/>
</kw>
<kw name="Dictionary Should Contain Key" owner="Collections">
<arg>${status}</arg>
<arg>running</arg>
<doc>Fails if ``key`` is not found from ``dictionary``.</doc>
<status status="PASS" start="2026-09-11T00:45:46.009977" elapsed="0.000100"/>
</kw>
<kw name="Get From Dictionary" owner="Collections">
<msg time="2026-09-11T00:45:46.010257" level="INFO">${soc} = 100.0</msg>
<var>${soc}</var>
<arg>${status}</arg>
<arg>soc</arg>
<doc>Returns a value from the given ``dictionary`` based on the given ``key``.</doc>
<status status="PASS" start="2026-09-11T00:45:46.010135" elapsed="0.000138"/>
</kw>
<kw name="Should Be True" owner="BuiltIn">
<arg>${soc} &lt;= 100</arg>
<doc>Fails if the given condition is not true.</doc>
<status status="PASS" start="2026-09-11T00:45:46.010331" elapsed="0.000302"/>
</kw>
<kw name="Should Be True" owner="BuiltIn">
<arg>${soc} &gt;= 0</arg>
<doc>Fails if the given condition is not true.</doc>
<status status="PASS" start="2026-09-11T00:45:46.010713" elapsed="0.000250"/>
</kw>
<kw name="Get From Dictionary" owner="Collections">
<msg time="2026-09-11T00:45:46.011169" level="INFO">${voltage} = 359.40000000000003</msg>
<var>${voltage}</var>
<arg>${status}</arg>
<arg>voltage</arg>
<doc>Returns a value from the given ``dictionary`` based on the given ``key``.</doc>
<status status="PASS" start="2026-09-11T00:45:46.011035" elapsed="0.000153"/>
</kw>
<kw name="Should Be True" owner="BuiltIn">
<arg>${voltage} &gt; 300</arg>
<doc>Fails if the given condition is not true.</doc>
<status status="PASS" start="2026-09-11T00:45:46.011252" elapsed="0.000211"/>
</kw>
<kw name="Should Be True" owner="BuiltIn">
<arg>${voltage} &lt; 500</arg>
<doc>Fails if the given condition is not true.</doc>
<status status="PASS" start="2026-09-11T00:45:46.011540" elapsed="0.000228"/>
</kw>
<kw name="Get From Dictionary" owner="Collections">
<msg time="2026-09-11T00:45:46.011967" level="INFO">${running} = True</msg>
<var>${running}</var>
<arg>${status}</arg>
<arg>running</arg>
<doc>Returns a value from the given ``dictionary`` based on the given ``key``.</doc>
<status status="PASS" start="2026-09-11T00:45:46.011837" elapsed="0.000147"/>
</kw>
<kw name="Should Be True" owner="BuiltIn">
<arg>${running}</arg>
<doc>Fails if the given condition is not true.</doc>
<status status="PASS" start="2026-09-11T00:45:46.012064" elapsed="0.000180"/>
</kw>
<doc>Retrieve and verify initial ECU state</doc>
<tag>http</tag>
<tag>smoke</tag>
<tag>status</tag>
<timeout value="30 seconds"/>
<status status="PASS" start="2026-09-11T00:45:46.007203" elapsed="0.005119"/>
</test>
<test id="s1-s1-s1-t3" name="TC003 State Queries Via HTTP" line="54">
<kw name="Get Battery Soc" owner="libraries.ECUSimulatorHTTPLibrary">
<msg time="2026-09-11T00:45:46.013747" level="INFO">${soc} = 100.0</msg>
<var>${soc}</var>
<doc>Get the current State of Charge (SOC) from battery ECU</doc>
<status status="PASS" start="2026-09-11T00:45:46.012720" elapsed="0.001050"/>
</kw>
<kw name="Should Be True" owner="BuiltIn">
<arg>${soc} &gt;= 0</arg>
<doc>Fails if the given condition is not true.</doc>
<status status="PASS" start="2026-09-11T00:45:46.013849" elapsed="0.000287"/>
</kw>
<kw name="Should Be True" owner="BuiltIn">
<arg>${soc} &lt;= 100</arg>
<doc>Fails if the given condition is not true.</doc>
<status status="PASS" start="2026-09-11T00:45:46.014211" elapsed="0.000250"/>
</kw>
<kw name="Log" owner="BuiltIn">
<msg time="2026-09-11T00:45:46.014741" level="INFO">SOC: 100.0%</msg>
<arg>SOC: ${soc}%</arg>
<doc>Logs the given message with the given level.</doc>
<status status="PASS" start="2026-09-11T00:45:46.014547" elapsed="0.000229"/>
</kw>
<kw name="Get Battery Voltage" owner="libraries.ECUSimulatorHTTPLibrary">
<msg time="2026-09-11T00:45:46.015883" level="INFO">${voltage} = 359.40000000000003</msg>
<var>${voltage}</var>
<doc>Get the current pack voltage from battery ECU</doc>
<status status="PASS" start="2026-09-11T00:45:46.014841" elapsed="0.001065"/>
</kw>
<kw name="Should Be True" owner="BuiltIn">
<arg>${voltage} &gt; 0</arg>
<doc>Fails if the given condition is not true.</doc>
<status status="PASS" start="2026-09-11T00:45:46.015985" elapsed="0.000255"/>
</kw>
<kw name="Log" owner="BuiltIn">
<msg time="2026-09-11T00:45:46.016521" level="INFO">Pack voltage: 359.40000000000003V</msg>
<arg>Pack voltage: ${voltage}V</arg>
<doc>Logs the given message with the given level.</doc>
<status status="PASS" start="2026-09-11T00:45:46.016321" elapsed="0.000239"/>
</kw>
<kw name="Get Battery Current" owner="libraries.ECUSimulatorHTTPLibrary">
<msg time="2026-09-11T00:45:46.017615" level="INFO">${current} = 0.0</msg>
<var>${current}</var>
<doc>Get the current pack current from battery ECU</doc>
<status status="PASS" start="2026-09-11T00:45:46.016641" elapsed="0.000996"/>
</kw>
<kw name="Log" owner="BuiltIn">
<msg time="2026-09-11T00:45:46.017920" level="INFO">Pack current: 0.0A</msg>
<arg>Pack current: ${current}A</arg>
<doc>Logs the given message with the given level.</doc>
<status status="PASS" start="2026-09-11T00:45:46.017715" elapsed="0.000240"/>
</kw>
<kw name="Get Battery Temperature" owner="libraries.ECUSimulatorHTTPLibrary">
<msg time="2026-09-11T00:45:46.018980" level="INFO">${temperature} = 26.979166666666668</msg>
<var>${temperature}</var>
<doc>Get the current pack temperature from battery ECU</doc>
<status status="PASS" start="2026-09-11T00:45:46.018020" elapsed="0.000981"/>
</kw>
<kw name="Should Be True" owner="BuiltIn">
<arg>${temperature} &gt;= -40</arg>
<doc>Fails if the given condition is not true.</doc>
<status status="PASS" start="2026-09-11T00:45:46.019073" elapsed="0.000275"/>
</kw>
<kw name="Should Be True" owner="BuiltIn">
<arg>${temperature} &lt;= 100</arg>
<doc>Fails if the given condition is not true.</doc>
<status status="PASS" start="2026-09-11T00:45:46.019424" elapsed="0.000288"/>
</kw>
<kw name="Log" owner="BuiltIn">
<msg time="2026-09-11T00:45:46.019972" level="INFO">Pack temperature: 26.979166666666668C</msg>
<arg>Pack temperature: ${temperature}C</arg>
<doc>Logs the given message with the given level.</doc>
<status status="PASS" start="2026-09-11T00:45:46.019790" elapsed="0.000216"/>
</kw>
<kw name="Get Battery Soh" owner="libraries.ECUSimulatorHTTPLibrary">
<msg time="2026-09-11T00:45:46.021075" level="INFO">${soh} = 100.0</msg>
<var>${soh}</var>
<doc>Get the State of Health (SOH) from battery ECU</doc>
<status status="PASS" start="2026-09-11T00:45:46.020068" elapsed="0.001029"/>
</kw>
<kw name="Should Be True" owner="BuiltIn">
<arg>${soh} &gt;= 0</arg>
<doc>Fails if the given condition is not true.</doc>
<status status="PASS" start="2026-09-11T00:45:46.021173" elapsed="0.000273"/>
</kw>
<kw name="Should Be True" owner="BuiltIn">
<arg>${soh} &lt;= 100</arg>
<doc>Fails if the given condition is not true.</doc>
<status status="PASS" start="2026-09-11T00:45:46.021528" elapsed="0.000269"/>
</kw>
<kw name="Log" owner="BuiltIn">
<msg time="2026-09-11T00:45:46.022047" level="INFO">SOH: 100.0%</msg>
<arg>SOH: ${soh}%</arg>
<doc>Logs the given message with the given level.</doc>
<status status="PASS" start="2026-09-11T00:45:46.021870" elapsed="0.000210"/>
</kw>
<doc>Test individual state query endpoints</doc>
<tag>http</tag>
<tag>state</tag>
<timeout value="30 seconds"/>
<status status="PASS" start="2026-09-11T00:45:46.012492" elapsed="0.009652"/>
</test>
<test id="s1-s1-s1-t4" name="TC004 Cell Voltage Queries Via HTTP" line="86">
<for flavor="IN RANGE">
<iter>
<kw name="Get Cell Voltage" owner="libraries.ECUSimulatorHTTPLibrary">
<msg time="2026-09-11T00:45:46.024276" level="INFO">${voltage} = 3.7</msg>
<var>${voltage}</var>
<arg>${cell_id}</arg>
<doc>Get voltage of a specific battery cell</doc>
<status status="PASS" start="2026-09-11T00:45:46.023147" elapsed="0.001152"/>
</kw>
<kw name="Should Be True" owner="BuiltIn">
<arg>${voltage} &gt;= 2.0</arg>
<arg>msg=Cell ${cell_id} voltage too low</arg>
<doc>Fails if the given condition is not true.</doc>
<status status="PASS" start="2026-09-11T00:45:46.024379" elapsed="0.000361"/>
</kw>
<kw name="Should Be True" owner="BuiltIn">
<arg>${voltage} &lt;= 4.5</arg>
<arg>msg=Cell ${cell_id} voltage too high</arg>
<doc>Fails if the given condition is not true.</doc>
<status status="PASS" start="2026-09-11T00:45:46.024820" elapsed="0.000316"/>
</kw>
<kw name="Log" owner="BuiltIn">
<msg time="2026-09-11T00:45:46.025525" level="INFO">Cell 0 voltage: 3.7V</msg>
<arg>Cell ${cell_id} voltage: ${voltage}V</arg>
<doc>Logs the given message with the given level.</doc>
<status status="PASS" start="2026-09-11T00:45:46.025241" elapsed="0.000333"/>
</kw>
<var name="${cell_id}">0</var>
<status status="PASS" start="2026-09-11T00:45:46.023081" elapsed="0.002535"/>
</iter>
<iter>
<kw name="Get Cell Voltage" owner="libraries.ECUSimulatorHTTPLibrary">
<msg time="2026-09-11T00:45:46.026788" level="INFO">${voltage} = 3.71</msg>
<var>${voltage}</var>
<arg>${cell_id}</arg>
<doc>Get voltage of a specific battery cell</doc>
<status status="PASS" start="2026-09-11T00:45:46.025782" elapsed="0.001028"/>
</kw>
<kw name="Should Be True" owner="BuiltIn">
<arg>${voltage} &gt;= 2.0</arg>
<arg>msg=Cell ${cell_id} voltage too low</arg>
<doc>Fails if the given condition is not true.</doc>
<status status="PASS" start="2026-09-11T00:45:46.026888" elapsed="0.000321"/>
</kw>
<kw name="Should Be True" owner="BuiltIn">
<arg>${voltage} &lt;= 4.5</arg>
<arg>msg=Cell ${cell_id} voltage too high</arg>
<doc>Fails if the given condition is not true.</doc>
<status status="PASS" start="2026-09-11T00:45:46.027284" elapsed="0.000330"/>
</kw>
<kw name="Log" owner="BuiltIn">
<msg time="2026-09-11T00:45:46.027898" level="INFO">Cell 1 voltage: 3.71V</msg>
<arg>Cell ${cell_id} voltage: ${voltage}V</arg>
<doc>Logs the given message with the given level.</doc>
<status status="PASS" start="2026-09-11T00:45:46.027695" elapsed="0.000239"/>
</kw>
<var name="${cell_id}">1</var>
<status status="PASS" start="2026-09-11T00:45:46.025711" elapsed="0.002245"/>
</iter>
<iter>
<kw name="Get Cell Voltage" owner="libraries.ECUSimulatorHTTPLibrary">
<msg time="2026-09-11T00:45:46.029059" level="INFO">${voltage} = 3.72</msg>
<var>${voltage}</var>
<arg>${cell_id}</arg>
<doc>Get voltage of a specific battery cell</doc>
<status status="PASS" start="2026-09-11T00:45:46.028086" elapsed="0.000996"/>
</kw>
<kw name="Should Be True" owner="BuiltIn">
<arg>${voltage} &gt;= 2.0</arg>
<arg>msg=Cell ${cell_id} voltage too low</arg>
<doc>Fails if the given condition is not true.</doc>
<status status="PASS" start="2026-09-11T00:45:46.029178" elapsed="0.000340"/>
</kw>
<kw name="Should Be True" owner="BuiltIn">
<arg>${voltage} &lt;= 4.5</arg>
<arg>msg=Cell ${cell_id} voltage too high</arg>
<doc>Fails if the given condition is not true.</doc>
<status status="PASS" start="2026-09-11T00:45:46.029609" elapsed="0.000305"/>
</kw>
<kw name="Log" owner="BuiltIn">
<msg time="2026-09-11T00:45:46.030181" level="INFO">Cell 2 voltage: 3.72V</msg>
<arg>Cell ${cell_id} voltage: ${voltage}V</arg>
<doc>Logs the given message with the given level.</doc>
<status status="PASS" start="2026-09-11T00:45:46.029990" elapsed="0.000225"/>
</kw>
<var name="${cell_id}">2</var>
<status status="PASS" start="2026-09-11T00:45:46.028031" elapsed="0.002207"/>
</iter>
<iter>
<kw name="Get Cell Voltage" owner="libraries.ECUSimulatorHTTPLibrary">
<msg time="2026-09-11T00:45:46.031304" level="INFO">${voltage} = 3.73</msg>
<var>${voltage}</var>
<arg>${cell_id}</arg>
<doc>Get voltage of a specific battery cell</doc>
<status status="PASS" start="2026-09-11T00:45:46.030363" elapsed="0.000963"/>
</kw>
<kw name="Should Be True" owner="BuiltIn">
<arg>${voltage} &gt;= 2.0</arg>
<arg>msg=Cell ${cell_id} voltage too low</arg>
<doc>Fails if the given condition is not true.</doc>
<status status="PASS" start="2026-09-11T00:45:46.031404" elapsed="0.000347"/>
</kw>
<kw name="Should Be True" owner="BuiltIn">
<arg>${voltage} &lt;= 4.5</arg>
<arg>msg=Cell ${cell_id} voltage too high</arg>
<doc>Fails if the given condition is not true.</doc>
<status status="PASS" start="2026-09-11T00:45:46.031827" elapsed="0.000290"/>
</kw>
<kw name="Log" owner="BuiltIn">
<msg time="2026-09-11T00:45:46.032378" level="INFO">Cell 3 voltage: 3.73V</msg>
<arg>Cell ${cell_id} voltage: ${voltage}V</arg>
<doc>Logs the given message with the given level.</doc>
<status status="PASS" start="2026-09-11T00:45:46.032190" elapsed="0.000222"/>
</kw>
<var name="${cell_id}">3</var>
<status status="PASS" start="2026-09-11T00:45:46.030311" elapsed="0.002123"/>
</iter>
<iter>
<kw name="Get Cell Voltage" owner="libraries.ECUSimulatorHTTPLibrary">
<msg time="2026-09-11T00:45:46.036541" level="INFO">${voltage} = 3.74</msg>
<var>${voltage}</var>
<arg>${cell_id}</arg>
<doc>Get voltage of a specific battery cell</doc>
<status status="PASS" start="2026-09-11T00:45:46.032571" elapsed="0.003994"/>
</kw>
<kw name="Should Be True" owner="BuiltIn">
<arg>${voltage} &gt;= 2.0</arg>
<arg>msg=Cell ${cell_id} voltage too low</arg>
<doc>Fails if the given condition is not true.</doc>
<status status="PASS" start="2026-09-11T00:45:46.036656" elapsed="0.000332"/>
</kw>
<kw name="Should Be True" owner="BuiltIn">
<arg>${voltage} &lt;= 4.5</arg>
<arg>msg=Cell ${cell_id} voltage too high</arg>
<doc>Fails if the given condition is not true.</doc>
<status status="PASS" start="2026-09-11T00:45:46.037063" elapsed="0.000291"/>
</kw>
<kw name="Log" owner="BuiltIn">
<msg time="2026-09-11T00:45:46.037638" level="INFO">Cell 4 voltage: 3.74V</msg>
<arg>Cell ${cell_id} voltage: ${voltage}V</arg>
<doc>Logs the given message with the given level.</doc>
<status status="PASS" start="2026-09-11T00:45:46.037427" elapsed="0.000245"/>
</kw>
<var name="${cell_id}">4</var>
<status status="PASS" start="2026-09-11T00:45:46.032517" elapsed="0.005177"/>
</iter>
<iter>
<kw name="Get Cell Voltage" owner="libraries.ECUSimulatorHTTPLibrary">
<msg time="2026-09-11T00:45:46.038753" level="INFO">${voltage} = 3.75</msg>
<var>${voltage}</var>
<arg>${cell_id}</arg>
<doc>Get voltage of a specific battery cell</doc>
<status status="PASS" start="2026-09-11T00:45:46.037819" elapsed="0.000956"/>
</kw>
<kw name="Should Be True" owner="BuiltIn">
<arg>${voltage} &gt;= 2.0</arg>
<arg>msg=Cell ${cell_id} voltage too low</arg>
<doc>Fails if the given condition is not true.</doc>
<status status="PASS" start="2026-09-11T00:45:46.038855" elapsed="0.000332"/>
</kw>
<kw name="Should Be True" owner="BuiltIn">
<arg>${voltage} &lt;= 4.5</arg>
<arg>msg=Cell ${cell_id} voltage too high</arg>
<doc>Fails if the given condition is not true.</doc>
<status status="PASS" start="2026-09-11T00:45:46.039262" elapsed="0.000305"/>
</kw>
<kw name="Log" owner="BuiltIn">
<msg time="2026-09-11T00:45:46.039857" level="INFO">Cell 5 voltage: 3.75V</msg>
<arg>Cell ${cell_id} voltage: ${voltage}V</arg>
<doc>Logs the given message with the given level.</doc>
<status status="PASS" start="2026-09-11T00:45:46.039652" elapsed="0.000240"/>
</kw>
<var name="${cell_id}">5</var>
<status status="PASS" start="2026-09-11T00:45:46.037766" elapsed="0.002150"/>
</iter>
<iter>
<kw name="Get Cell Voltage" owner="libraries.ECUSimulatorHTTPLibrary">
<msg time="2026-09-11T00:45:46.040947" level="INFO">${voltage} = 3.7600000000000002</msg>
<var>${voltage}</var>
<arg>${cell_id}</arg>
<doc>Get voltage of a specific battery cell</doc>
<status status="PASS" start="2026-09-11T00:45:46.040040" elapsed="0.000929"/>
</kw>
<kw name="Should Be True" owner="BuiltIn">
<arg>${voltage} &gt;= 2.0</arg>
<arg>msg=Cell ${cell_id} voltage too low</arg>
<doc>Fails if the given condition is not true.</doc>
<status status="PASS" start="2026-09-11T00:45:46.041048" elapsed="0.000340"/>
</kw>
<kw name="Should Be True" owner="BuiltIn">
<arg>${voltage} &lt;= 4.5</arg>
<arg>msg=Cell ${cell_id} voltage too high</arg>
<doc>Fails if the given condition is not true.</doc>
<status status="PASS" start="2026-09-11T00:45:46.041465" elapsed="0.000324"/>
</kw>
<kw name="Log" owner="BuiltIn">
<msg time="2026-09-11T00:45:46.042052" level="INFO">Cell 6 voltage: 3.7600000000000002V</msg>
<arg>Cell ${cell_id} voltage: ${voltage}V</arg>
<doc>Logs the given message with the given level.</doc>
<status status="PASS" start="2026-09-11T00:45:46.041863" elapsed="0.000221"/>
</kw>
<var name="${cell_id}">6</var>
<status status="PASS" start="2026-09-11T00:45:46.039986" elapsed="0.002119"/>
</iter>
<iter>
<kw name="Get Cell Voltage" owner="libraries.ECUSimulatorHTTPLibrary">
<msg time="2026-09-11T00:45:46.043137" level="INFO">${voltage} = 3.77</msg>
<var>${voltage}</var>
<arg>${cell_id}</arg>
<doc>Get voltage of a specific battery cell</doc>
<status status="PASS" start="2026-09-11T00:45:46.042227" elapsed="0.000932"/>
</kw>
<kw name="Should Be True" owner="BuiltIn">
<arg>${voltage} &gt;= 2.0</arg>
<arg>msg=Cell ${cell_id} voltage too low</arg>
<doc>Fails if the given condition is not true.</doc>
<status status="PASS" start="2026-09-11T00:45:46.043237" elapsed="0.000337"/>
</kw>
<kw name="Should Be True" owner="BuiltIn">
<arg>${voltage} &lt;= 4.5</arg>
<arg>msg=Cell ${cell_id} voltage too high</arg>
<doc>Fails if the given condition is not true.</doc>
<status status="PASS" start="2026-09-11T00:45:46.043661" elapsed="0.000295"/>
</kw>
<kw name="Log" owner="BuiltIn">
<msg time="2026-09-11T00:45:46.044216" level="INFO">Cell 7 voltage: 3.77V</msg>
<arg>Cell ${cell_id} voltage: ${voltage}V</arg>
<doc>Logs the given message with the given level.</doc>
<status status="PASS" start="2026-09-11T00:45:46.044029" elapsed="0.000220"/>
</kw>
<var name="${cell_id}">7</var>
<status status="PASS" start="2026-09-11T00:45:46.042175" elapsed="0.002096"/>
</iter>
<iter>
<kw name="Get Cell Voltage" owner="libraries.ECUSimulatorHTTPLibrary">
<msg time="2026-09-11T00:45:46.045310" level="INFO">${voltage} = 3.7800000000000002</msg>
<var>${voltage}</var>
<arg>${cell_id}</arg>
<doc>Get voltage of a specific battery cell</doc>
<status status="PASS" start="2026-09-11T00:45:46.044393" elapsed="0.000938"/>
</kw>
<kw name="Should Be True" owner="BuiltIn">
<arg>${voltage} &gt;= 2.0</arg>
<arg>msg=Cell ${cell_id} voltage too low</arg>
<doc>Fails if the given condition is not true.</doc>
<status status="PASS" start="2026-09-11T00:45:46.045408" elapsed="0.000344"/>
</kw>
<kw name="Should Be True" owner="BuiltIn">
<arg>${voltage} &lt;= 4.5</arg>
<arg>msg=Cell ${cell_id} voltage too high</arg>
<doc>Fails if the given condition is not true.</doc>
<status status="PASS" start="2026-09-11T00:45:46.045827" elapsed="0.000290"/>
</kw>
<kw name="Log" owner="BuiltIn">
<msg time="2026-09-11T00:45:46.046411" level="INFO">Cell 8 voltage: 3.7800000000000002V</msg>
<arg>Cell ${cell_id} voltage: ${voltage}V</arg>
<doc>Logs the given message with the given level.</doc>
<status status="PASS" start="2026-09-11T00:45:46.046206" elapsed="0.000240"/>
</kw>
<var name="${cell_id}">8</var>
<status status="PASS" start="2026-09-11T00:45:46.044340" elapsed="0.002128"/>
</iter>
<iter>
<kw name="Get Cell Voltage" owner="libraries.ECUSimulatorHTTPLibrary">
<msg time="2026-09-11T00:45:46.047527" level="INFO">${voltage} = 3.79</msg>
<var>${voltage}</var>
<arg>${cell_id}</arg>
<doc>Get voltage of a specific battery cell</doc>
<status status="PASS" start="2026-09-11T00:45:46.046614" elapsed="0.000936"/>
</kw>
<kw name="Should Be True" owner="BuiltIn">
<arg>${voltage} &gt;= 2.0</arg>
<arg>msg=Cell ${cell_id} voltage too low</arg>
<doc>Fails if the given condition is not true.</doc>
<status status="PASS" start="2026-09-11T00:45:46.047637" elapsed="0.000331"/>
</kw>
<kw name="Should Be True" owner="BuiltIn">
<arg>${voltage} &lt;= 4.5</arg>
<arg>msg=Cell ${cell_id} voltage too high</arg>
<doc>Fails if the given condition is not true.</doc>
<status status="PASS" start="2026-09-11T00:45:46.048043" elapsed="0.000289"/>
</kw>
<kw name="Log" owner="BuiltIn">
<msg time="2026-09-11T00:45:46.048617" level="INFO">Cell 9 voltage: 3.79V</msg>
<arg>Cell ${cell_id} voltage: ${voltage}V</arg>
<doc>Logs the given message with the given level.</doc>
<status status="PASS" start="2026-09-11T00:45:46.048405" elapsed="0.000246"/>
</kw>
<var name="${cell_id}">9</var>
<status status="PASS" start="2026-09-11T00:45:46.046550" elapsed="0.002124"/>
</iter>
<var>${cell_id}</var>
<value>${10}</value>
<status status="PASS" start="2026-09-11T00:45:46.022505" elapsed="0.026190"/>
</for>
<kw name="Log" owner="BuiltIn">
<msg time="2026-09-11T00:45:46.048917" level="INFO">First 10 cell voltages are within acceptable range</msg>
<arg>First 10 cell voltages are within acceptable range</arg>
<doc>Logs the given message with the given level.</doc>
<status status="PASS" start="2026-09-11T00:45:46.048768" elapsed="0.000183"/>
</kw>
<doc>Test cell-level voltage monitoring via HTTP</doc>
<tag>cells</tag>
<tag>http</tag>
<tag>voltage</tag>
<timeout value="30 seconds"/>
<status status="PASS" start="2026-09-11T00:45:46.022289" elapsed="0.026729"/>
</test>
<test id="s1-s1-s1-t5" name="TC005 Simulate Charging Via HTTP" line="101">
<kw name="Simulate Charging" owner="libraries.ECUSimulatorHTTPLibrary">
<msg time="2026-09-11T00:45:46.050751" level="INFO">Simulated charging: -50.0A for 600.0s</msg>
<arg>current=-50</arg>
<arg>duration=600</arg>
<doc>Simulate battery charging or discharging</doc>
<status status="PASS" start="2026-09-11T00:45:46.049380" elapsed="0.001421"/>
</kw>
<kw name="Get Battery Soc" owner="libraries.ECUSimulatorHTTPLibrary">
<msg time="2026-09-11T00:45:46.051788" level="INFO">${initial_soc} = 97.28732638888889</msg>
<var>${initial_soc}</var>
<doc>Get the current State of Charge (SOC) from battery ECU</doc>
<status status="PASS" start="2026-09-11T00:45:46.050878" elapsed="0.000932"/>
</kw>
<kw name="Log" owner="BuiltIn">
<msg time="2026-09-11T00:45:46.052110" level="INFO">Initial SOC: 97.28732638888889%</msg>
<arg>Initial SOC: ${initial_soc}%</arg>
<doc>Logs the given message with the given level.</doc>
<status status="PASS" start="2026-09-11T00:45:46.051888" elapsed="0.000259"/>
</kw>
<kw name="Simulate Charging" owner="libraries.ECUSimulatorHTTPLibrary">
<msg time="2026-09-11T00:45:46.053295" level="INFO">Simulated charging: 10.0A for 60.0s</msg>
<msg time="2026-09-11T00:45:46.053385" level="INFO">${result} = {'message': 'Charge simulation completed', 'details': {'current': 10.0, 'duration': 60.0, 'old_soc': 97.28732638888889, 'new_soc': 97.34157986111111, 'soc_change': 0.05425347222222854}}</msg>
<var>${result}</var>
<arg>current=10</arg>
<arg>duration=60</arg>
<doc>Simulate battery charging or discharging</doc>
<status status="PASS" start="2026-09-11T00:45:46.052218" elapsed="0.001185"/>
</kw>
<kw name="Dictionary Should Contain Key" owner="Collections">
<arg>${result}</arg>
<arg>message</arg>
<doc>Fails if ``key`` is not found from ``dictionary``.</doc>
<status status="PASS" start="2026-09-11T00:45:46.053490" elapsed="0.000155"/>
</kw>
<kw name="Dictionary Should Contain Key" owner="Collections">
<arg>${result}</arg>
<arg>details</arg>
<doc>Fails if ``key`` is not found from ``dictionary``.</doc>
<status status="PASS" start="2026-09-11T00:45:46.053713" elapsed="0.000115"/>
</kw>
<kw name="Get From Dictionary" owner="Collections">
<msg time="2026-09-11T00:45:46.054025" level="INFO">${details} = {'current': 10.0, 'duration': 60.0, 'old_soc': 97.28732638888889, 'new_soc': 97.34157986111111, 'soc_change': 0.05425347222222854}</msg>
<var>${details}</var>
<arg>${result}</arg>
<arg>details</arg>
<doc>Returns a value from the given ``dictionary`` based on the given ``key``.</doc>
<status status="PASS" start="2026-09-11T00:45:46.053891" elapsed="0.000152"/>
</kw>
<kw name="Get From Dictionary" owner="Collections">
<msg time="2026-09-11T00:45:46.054236" level="INFO">${new_soc} = 97.34157986111111</msg>
<var>${new_soc}</var>
<arg>${details}</arg>
<arg>new_soc</arg>
<doc>Returns a value from the given ``dictionary`` based on the given ``key``.</doc>
<status status="PASS" start="2026-09-11T00:45:46.054105" elapsed="0.000151"/>
</kw>
<kw name="Log" owner="BuiltIn">
<msg time="2026-09-11T00:45:46.054526" level="INFO">Final SOC: 97.34157986111111%</msg>
<arg>Final SOC: ${new_soc}%</arg>
<doc>Logs the given message with the given level.</doc>
<status status="PASS" start="2026-09-11T00:45:46.054320" elapsed="0.000240"/>
</kw>
<kw name="Should Be True" owner="BuiltIn">
<arg>${new_soc} &gt; ${initial_soc}</arg>
<arg>msg=SOC did not increase during charging</arg>
<doc>Fails if the given condition is not true.</doc>
<status status="PASS" start="2026-09-11T00:45:46.054638" elapsed="0.000272"/>
</kw>
<kw name="Evaluate" owner="BuiltIn">
<msg time="2026-09-11T00:45:46.055231" level="INFO">${soc_increase} = 0.05425347222222854</msg>
<var>${soc_increase}</var>
<arg>${new_soc} - ${initial_soc}</arg>
<doc>Evaluates the given expression in Python and returns the result.</doc>
<status status="PASS" start="2026-09-11T00:45:46.054983" elapsed="0.000266"/>
</kw>
<kw name="Log" owner="BuiltIn">
<msg time="2026-09-11T00:45:46.055497" level="INFO">SOC increase: 0.05425347222222854%</msg>
<arg>SOC increase: ${soc_increase}%</arg>
<doc>Logs the given message with the given level.</doc>
<status status="PASS" start="2026-09-11T00:45:46.055317" elapsed="0.000211"/>
</kw>
<doc>Verify SOC increases during charging simulation</doc>
<tag>charging</tag>
<tag>http</tag>
<timeout value="30 seconds"/>
<status status="PASS" start="2026-09-11T00:45:46.049162" elapsed="0.006439"/>
</test>
<test id="s1-s1-s1-t6" name="TC006 Simulate Discharging Via HTTP" line="126">
<kw name="Get Battery Soc" owner="libraries.ECUSimulatorHTTPLibrary">
<msg time="2026-09-11T00:45:46.056886" level="INFO">${initial_soc} = 97.34157986111111</msg>
<var>${initial_soc}</var>
<doc>Get the current State of Charge (SOC) from battery ECU</doc>
<status status="PASS" start="2026-09-11T00:45:46.055975" elapsed="0.000934"/>
</kw>
<kw name="Log" owner="BuiltIn">
<msg time="2026-09-11T00:45:46.057197" level="INFO">Initial SOC: 97.34157986111111%</msg>
<arg>Initial SOC: ${initial_soc}%</arg>
<doc>Logs the given message with the given level.</doc>
<status status="PASS" start="2026-09-11T00:45:46.056989" elapsed="0.000243"/>
</kw>
<kw name="Simulate Charging" owner="libraries.ECUSimulatorHTTPLibrary">
<msg time="2026-09-11T00:45:46.058326" level="INFO">Simulated charging: -10.0A for 60.0s</msg>
<msg time="2026-09-11T00:45:46.058411" level="INFO">${result} = {'message': 'Charge simulation completed', 'details': {'current': -10.0, 'duration': 60.0, 'old_soc': 97.34157986111111, 'new_soc': 97.28732638888889, 'soc_change': -0.05425347222222854}}</msg>
<var>${result}</var>
<arg>current=-10</arg>
<arg>duration=60</arg>
<doc>Simulate battery charging or discharging</doc>
<status status="PASS" start="2026-09-11T00:45:46.057300" elapsed="0.001129"/>
</kw>
<kw name="Get From Dictionary" owner="Collections">
<msg time="2026-09-11T00:45:46.058704" level="INFO">${details} = {'current': -10.0, 'duration': 60.0, 'old_soc': 97.34157986111111, 'new_soc': 97.28732638888889, 'soc_change': -0.05425347222222854}</msg>
<var>${details}</var>
<arg>${result}</arg>
<arg>details</arg>
<doc>Returns a value from the given ``dictionary`` based on the given ``key``.</doc>
<status status="PASS" start="2026-09-11T00:45:46.058530" elapsed="0.000192"/>
</kw>
<kw name="Get From Dictionary" owner="Collections">
<msg time="2026-09-11T00:45:46.058925" level="INFO">${new_soc} = 97.28732638888889</msg>
<var>${new_soc}</var>
<arg>${details}</arg>
<arg>new_soc</arg>
<doc>Returns a value from the given ``dictionary`` based on the given ``key``.</doc>
<status status="PASS" start="2026-09-11T00:45:46.058791" elapsed="0.000150"/>
</kw>
<kw name="Log" owner="BuiltIn">
<msg time="2026-09-11T00:45:46.059193" level="INFO">Final SOC: 97.28732638888889%</msg>
<arg>Final SOC: ${new_soc}%</arg>
<doc>Logs the given message with the given level.</doc>
<status status="PASS" start="2026-09-11T00:45:46.059006" elapsed="0.000218"/>
</kw>
<kw name="Should Be True" owner="BuiltIn">
<arg>${new_soc} &lt; ${initial_soc}</arg>
<arg>msg=SOC did not decrease during discharging</arg>
<doc>Fails if the given condition is not true.</doc>
<status status="PASS" start="2026-09-11T00:45:46.059286" elapsed="0.000260"/>
</kw>
<kw name="Evaluate" owner="BuiltIn">
<msg time="2026-09-11T00:45:46.059876" level="INFO">${soc_decrease} = 0.05425347222222854</msg>
<var>${soc_decrease}</var>
<arg>${initial_soc} - ${new_soc}</arg>
<doc>Evaluates the given expression in Python and returns the result.</doc>
<status status="PASS" start="2026-09-11T00:45:46.059628" elapsed="0.000265"/>
</kw>
<kw name="Log" owner="BuiltIn">
<msg time="2026-09-11T00:45:46.060128" level="INFO">SOC decrease: 0.05425347222222854%</msg>
<arg>SOC decrease: ${soc_decrease}%</arg>
<doc>Logs the given message with the given level.</doc>
<status status="PASS" start="2026-09-11T00:45:46.059959" elapsed="0.000207"/>
</kw>
<doc>Verify SOC decreases during discharging simulation</doc>
<tag>discharging</tag>
<tag>http</tag>
<timeout value="30 seconds"/>
<status status="PASS" start="2026-09-11T00:45:46.055750" elapsed="0.004482"/>
</test>
<test id="s1-s1-s1-t7" name="TC007 Cell Balancing Via HTTP" line="145">
<kw name="Get Cell Voltage" owner="libraries.ECUSimulatorHTTPLibrary">
<msg time="2026-09-11T00:45:46.061528" level="INFO">${v0_before} = 3.5146485000000003</msg>
<var>${v0_before}</var>
<arg>0</arg>
<doc>Get voltage of a specific battery cell</doc>
<status status="PASS" start="2026-09-11T00:45:46.060598" elapsed="0.000951"/>
</kw>
<kw name="Get Cell Voltage" owner="libraries.ECUSimulatorHTTPLibrary">
<msg time="2026-09-11T00:45:46.062529" level="INFO">${v1_before} = 3.52414755</msg>
<var>${v1_before}</var>
<arg>1</arg>
<doc>Get voltage of a specific battery cell</doc>
<status status="PASS" start="2026-09-11T00:45:46.061634" elapsed="0.000918"/>
</kw>
<kw name="Log" owner="BuiltIn">
<msg time="2026-09-11T00:45:46.062855" level="INFO">Cell 0 before balance: 3.5146485000000003V</msg>
<arg>Cell 0 before balance: ${v0_before}V</arg>
<doc>Logs the given message with the given level.</doc>
<status status="PASS" start="2026-09-11T00:45:46.062642" elapsed="0.000248"/>
</kw>
<kw name="Log" owner="BuiltIn">
<msg time="2026-09-11T00:45:46.063137" level="INFO">Cell 1 before balance: 3.52414755V</msg>
<arg>Cell 1 before balance: ${v1_before}V</arg>
<doc>Logs the given message with the given level.</doc>
<status status="PASS" start="2026-09-11T00:45:46.062960" elapsed="0.000210"/>
</kw>
<kw name="Balance Cells" owner="libraries.ECUSimulatorHTTPLibrary">
<msg time="2026-09-11T00:45:46.064301" level="INFO">Cell balancing triggered</msg>
<msg time="2026-09-11T00:45:46.064383" level="INFO">${result} = Cell balancing completed</msg>
<var>${result}</var>
<doc>Trigger cell balancing in battery ECU</doc>
<status status="PASS" start="2026-09-11T00:45:46.063233" elapsed="0.001167"/>
</kw>
<kw name="Log" owner="BuiltIn">
<msg time="2026-09-11T00:45:46.064730" level="INFO">Balance result: Cell balancing completed</msg>
<arg>Balance result: ${result}</arg>
<doc>Logs the given message with the given level.</doc>
<status status="PASS" start="2026-09-11T00:45:46.064502" elapsed="0.000263"/>
</kw>
<kw name="Get Cell Voltage" owner="libraries.ECUSimulatorHTTPLibrary">
<msg time="2026-09-11T00:45:46.065789" level="INFO">${v0_after} = 3.5188043343750004</msg>
<var>${v0_after}</var>
<arg>0</arg>
<doc>Get voltage of a specific battery cell</doc>
<status status="PASS" start="2026-09-11T00:45:46.064836" elapsed="0.000976"/>
</kw>
<kw name="Get Cell Voltage" owner="libraries.ECUSimulatorHTTPLibrary">
<msg time="2026-09-11T00:45:46.066824" level="INFO">${v1_after} = 3.527353479375</msg>
<var>${v1_after}</var>
<arg>1</arg>
<doc>Get voltage of a specific battery cell</doc>
<status status="PASS" start="2026-09-11T00:45:46.065892" elapsed="0.000953"/>
</kw>
<kw name="Log" owner="BuiltIn">
<msg time="2026-09-11T00:45:46.067150" level="INFO">Cell 0 after balance: 3.5188043343750004V</msg>
<arg>Cell 0 after balance: ${v0_after}V</arg>
<doc>Logs the given message with the given level.</doc>
<status status="PASS" start="2026-09-11T00:45:46.066934" elapsed="0.000252"/>
</kw>
<kw name="Log" owner="BuiltIn">
<msg time="2026-09-11T00:45:46.067448" level="INFO">Cell 1 after balance: 3.527353479375V</msg>
<arg>Cell 1 after balance: ${v1_after}V</arg>
<doc>Logs the given message with the given level.</doc>
<status status="PASS" start="2026-09-11T00:45:46.067254" elapsed="0.000244"/>
</kw>
<kw name="Evaluate" owner="BuiltIn">
<msg time="2026-09-11T00:45:46.067893" level="INFO">${diff_before} = 0.00949904999999962</msg>
<var>${diff_before}</var>
<arg>abs(${v0_before} - ${v1_before})</arg>
<doc>Evaluates the given expression in Python and returns the result.</doc>
<status status="PASS" start="2026-09-11T00:45:46.067574" elapsed="0.000338"/>
</kw>
<kw name="Evaluate" owner="BuiltIn">
<msg time="2026-09-11T00:45:46.068251" level="INFO">${diff_after} = 0.00854914499999948</msg>
<var>${diff_after}</var>
<arg>abs(${v0_after} - ${v1_after})</arg>
<doc>Evaluates the given expression in Python and returns the result.</doc>
<status status="PASS" start="2026-09-11T00:45:46.067985" elapsed="0.000284"/>
</kw>
<kw name="Log" owner="BuiltIn">
<msg time="2026-09-11T00:45:46.068536" level="INFO">Voltage difference before: 0.00949904999999962V, after: 0.00854914499999948V</msg>
<arg>Voltage difference before: ${diff_before}V, after: ${diff_after}V</arg>
<doc>Logs the given message with the given level.</doc>
<status status="PASS" start="2026-09-11T00:45:46.068336" elapsed="0.000234"/>
</kw>
<doc>Test cell balancing trigger via HTTP</doc>
<tag>balancing</tag>
<tag>http</tag>
<timeout value="30 seconds"/>
<status status="PASS" start="2026-09-11T00:45:46.060371" elapsed="0.008272"/>
</test>
<test id="s1-s1-s1-t8" name="TC008 Fault Injection - Overvoltage" line="174">
<kw name="Ecu Should Have No Faults" owner="libraries.ECUSimulatorHTTPLibrary">
<doc>Verify that no faults are active</doc>
<status status="PASS" start="2026-09-11T00:45:46.069002" elapsed="0.001006"/>
</kw>
<kw name="Set Cell Voltage" owner="libraries.ECUSimulatorHTTPLibrary">
<msg time="2026-09-11T00:45:46.071242" level="INFO">Set cell 0 voltage to 5.0V</msg>
<msg time="2026-09-11T00:45:46.071326" level="INFO">${result} = Cell 0 voltage set</msg>
<var>${result}</var>
<arg>0</arg>
<arg>5.0</arg>
<doc>Set voltage of a specific cell (for fault injection)</doc>
<status status="PASS" start="2026-09-11T00:45:46.070087" elapsed="0.001255"/>
</kw>
<kw name="Log" owner="BuiltIn">
<msg time="2026-09-11T00:45:46.071645" level="INFO">Cell voltage set result: Cell 0 voltage set</msg>
<arg>Cell voltage set result: ${result}</arg>
<doc>Logs the given message with the given level.</doc>
<status status="PASS" start="2026-09-11T00:45:46.071420" elapsed="0.000262"/>
</kw>
<kw name="Get Active Faults" owner="libraries.ECUSimulatorHTTPLibrary">
<msg time="2026-09-11T00:45:46.072666" level="INFO">${faults} = ['OVERVOLTAGE']</msg>
<var>${faults}</var>
<doc>Get active faults from the ECU</doc>
<status status="PASS" start="2026-09-11T00:45:46.071752" elapsed="0.000946"/>
</kw>
<kw name="Log" owner="BuiltIn">
<msg time="2026-09-11T00:45:46.072976" level="INFO">Active faults: ['OVERVOLTAGE']</msg>
<arg>Active faults: ${faults}</arg>
<doc>Logs the given message with the given level.</doc>
<status status="PASS" start="2026-09-11T00:45:46.072774" elapsed="0.000236"/>
</kw>
<kw name="Should Contain" owner="BuiltIn">
<arg>${faults}</arg>
<arg>OVERVOLTAGE</arg>
<arg>msg=OVERVOLTAGE fault not detected</arg>
<doc>Fails if ``container`` does not contain ``item`` one or more times.</doc>
<status status="PASS" start="2026-09-11T00:45:46.073073" elapsed="0.000354"/>
</kw>
<kw name="Get Dtc" owner="libraries.ECUSimulatorHTTPLibrary">
<msg time="2026-09-11T00:45:46.074380" level="INFO">${dtc} = BMS_OVERVOLTAGE_ACTIVE</msg>
<var>${dtc}</var>
<doc>Get Diagnostic Trouble Code (DTC) if any</doc>
<status status="PASS" start="2026-09-11T00:45:46.073516" elapsed="0.000885"/>
</kw>
<kw name="Should Not Be Equal" owner="BuiltIn">
<msg time="2026-09-11T00:45:46.074735" level="INFO">Argument types are:
&lt;class 'str'&gt;
&lt;class 'NoneType'&gt;</msg>
<arg>${dtc}</arg>
<arg>${None}</arg>
<arg>msg=DTC should be set when fault is active</arg>
<doc>Fails if the given objects are equal.</doc>
<status status="PASS" start="2026-09-11T00:45:46.074482" elapsed="0.000296"/>
</kw>
<kw name="Log" owner="BuiltIn">
<msg time="2026-09-11T00:45:46.075026" level="INFO">DTC: BMS_OVERVOLTAGE_ACTIVE</msg>
<arg>DTC: ${dtc}</arg>
<doc>Logs the given message with the given level.</doc>
<status status="PASS" start="2026-09-11T00:45:46.074850" elapsed="0.000212"/>
</kw>
<kw name="Set Cell Voltage" owner="libraries.ECUSimulatorHTTPLibrary" type="TEARDOWN">
<msg time="2026-09-11T00:45:46.076194" level="INFO">Set cell 0 voltage to 3.7V</msg>
<arg>0</arg>
<arg>3.7</arg>
<doc>Set voltage of a specific cell (for fault injection)</doc>
<status status="PASS" start="2026-09-11T00:45:46.075176" elapsed="0.001061"/>
</kw>
<doc>Test overvoltage fault detection via HTTP</doc>
<tag>faults</tag>
<tag>http</tag>
<tag>overvoltage</tag>
<timeout value="30 seconds"/>
<status status="PASS" start="2026-09-11T00:45:46.068785" elapsed="0.007486"/>
</test>
<test id="s1-s1-s1-t9" name="TC009 Fault Injection - Overtemperature" line="198">
<kw name="Clear Dtc" owner="libraries.ECUSimulatorHTTPLibrary">
<msg time="2026-09-11T00:45:46.077704" level="INFO">DTCs cleared</msg>
<doc>Clear stored Diagnostic Trouble Codes</doc>
<status status="PASS" start="2026-09-11T00:45:46.076684" elapsed="0.001075"/>
</kw>
<kw name="Set Cell Temperature" owner="libraries.ECUSimulatorHTTPLibrary">
<msg time="2026-09-11T00:45:46.079018" level="INFO">Set cell 0 temperature to 100.0C</msg>
<msg time="2026-09-11T00:45:46.079098" level="INFO">${result} = Cell 0 temperature set</msg>
<var>${result}</var>
<arg>0</arg>
<arg>100</arg>
<doc>Set temperature of a specific cell (for fault injection)</doc>
<status status="PASS" start="2026-09-11T00:45:46.077836" elapsed="0.001278"/>
</kw>
<kw name="Log" owner="BuiltIn">
<msg time="2026-09-11T00:45:46.079399" level="INFO">Cell temperature set result: Cell 0 temperature set</msg>
<arg>Cell temperature set result: ${result}</arg>
<doc>Logs the given message with the given level.</doc>
<status status="PASS" start="2026-09-11T00:45:46.079193" elapsed="0.000240"/>
</kw>
<kw name="Get Active Faults" owner="libraries.ECUSimulatorHTTPLibrary">
<msg time="2026-09-11T00:45:46.080393" level="INFO">${faults} = ['OVERTEMPERATURE']</msg>
<var>${faults}</var>
<doc>Get active faults from the ECU</doc>
<status status="PASS" start="2026-09-11T00:45:46.079511" elapsed="0.000902"/>
</kw>
<kw name="Log" owner="BuiltIn">
<msg time="2026-09-11T00:45:46.080713" level="INFO">Active faults: ['OVERTEMPERATURE']</msg>
<arg>Active faults: ${faults}</arg>
<doc>Logs the given message with the given level.</doc>
<status status="PASS" start="2026-09-11T00:45:46.080498" elapsed="0.000249"/>
</kw>
<kw name="Should Contain" owner="BuiltIn">
<arg>${faults}</arg>
<arg>OVERTEMPERATURE</arg>
<arg>msg=OVERTEMPERATURE fault not detected</arg>
<doc>Fails if ``container`` does not contain ``item`` one or more times.</doc>
<status status="PASS" start="2026-09-11T00:45:46.080812" elapsed="0.000259"/>
</kw>
<kw name="Set Cell Temperature" owner="libraries.ECUSimulatorHTTPLibrary" type="TEARDOWN">
<msg time="2026-09-11T00:45:46.082207" level="INFO">Set cell 0 temperature to 25.0C</msg>
<arg>0</arg>
<arg>25</arg>
<doc>Set temperature of a specific cell (for fault injection)</doc>
<status status="PASS" start="2026-09-11T00:45:46.081191" elapsed="0.001060"/>
</kw>
<doc>Test overtemperature fault detection via HTTP</doc>
<tag>faults</tag>
<tag>http</tag>
<tag>temperature</tag>
<timeout value="30 seconds"/>
<status status="PASS" start="2026-09-11T00:45:46.076431" elapsed="0.005854"/>
</test>
<test id="s1-s1-s1-t10" name="TC010 Clear DTC Via HTTP" line="216">
<kw name="Set Cell Voltage" owner="libraries.ECUSimulatorHTTPLibrary">
<msg time="2026-09-11T00:45:46.083662" level="INFO">Set cell 0 voltage to 5.0V</msg>
<arg>0</arg>
<arg>5.0</arg>
<doc>Set voltage of a specific cell (for fault injection)</doc>
<status status="PASS" start="2026-09-11T00:45:46.082669" elapsed="0.001048"/>
</kw>
<kw name="Get Active Faults" owner="libraries.ECUSimulatorHTTPLibrary">
<msg time="2026-09-11T00:45:46.084655" level="INFO">${faults} = ['OVERVOLTAGE']</msg>
<var>${faults}</var>
<doc>Get active faults from the ECU</doc>
<status status="PASS" start="2026-09-11T00:45:46.083798" elapsed="0.000878"/>
</kw>
<kw name="Evaluate" owner="BuiltIn">
<msg time="2026-09-11T00:45:46.085062" level="INFO">${has_fault} = True</msg>
<var>${has_fault}</var>
<arg>len(${faults}) &gt; 0</arg>
<doc>Evaluates the given expression in Python and returns the result.</doc>
<status status="PASS" start="2026-09-11T00:45:46.084763" elapsed="0.000317"/>
</kw>
<kw name="Run Keyword If" owner="BuiltIn">
<kw name="Log" owner="BuiltIn">
<msg time="2026-09-11T00:45:46.085570" level="INFO">Fault present, proceeding with DTC clear test</msg>
<arg>Fault present, proceeding with DTC clear test</arg>
<doc>Logs the given message with the given level.</doc>
<status status="PASS" start="2026-09-11T00:45:46.085397" elapsed="0.000219"/>
</kw>
<arg>${has_fault}</arg>
<arg>Log</arg>
<arg>Fault present, proceeding with DTC clear test</arg>
<doc>Runs the given keyword with the given arguments, if ``condition`` is true.</doc>
<status status="PASS" start="2026-09-11T00:45:46.085164" elapsed="0.000484"/>
</kw>
<kw name="Get Dtc" owner="libraries.ECUSimulatorHTTPLibrary">
<msg time="2026-09-11T00:45:46.086572" level="INFO">${dtc_before} = BMS_OVERVOLTAGE_ACTIVE</msg>
<var>${dtc_before}</var>
<doc>Get Diagnostic Trouble Code (DTC) if any</doc>
<status status="PASS" start="2026-09-11T00:45:46.085716" elapsed="0.000886"/>
</kw>
<kw name="Log" owner="BuiltIn">
<msg time="2026-09-11T00:45:46.086867" level="INFO">DTC before clear: BMS_OVERVOLTAGE_ACTIVE</msg>
<arg>DTC before clear: ${dtc_before}</arg>
<doc>Logs the given message with the given level.</doc>
<status status="PASS" start="2026-09-11T00:45:46.086675" elapsed="0.000225"/>
</kw>
<kw name="Clear Dtc" owner="libraries.ECUSimulatorHTTPLibrary">
<msg time="2026-09-11T00:45:46.087848" level="INFO">DTCs cleared</msg>
<msg time="2026-09-11T00:45:46.087928" level="INFO">${result} = DTCs cleared successfully</msg>
<var>${result}</var>
<doc>Clear stored Diagnostic Trouble Codes</doc>
<status status="PASS" start="2026-09-11T00:45:46.086963" elapsed="0.000981"/>
</kw>
<kw name="Log" owner="BuiltIn">
<msg time="2026-09-11T00:45:46.088224" level="INFO">Clear result: DTCs cleared successfully</msg>
<arg>Clear result: ${result}</arg>
<doc>Logs the given message with the given level.</doc>
<status status="PASS" start="2026-09-11T00:45:46.088019" elapsed="0.000240"/>
</kw>
<kw name="Log" owner="BuiltIn">
<msg time="2026-09-11T00:45:46.088472" level="INFO">DTC cleared (simulation only - fault condition may still exist)</msg>
<arg>DTC cleared (simulation only - fault condition may still exist)</arg>
<doc>Logs the given message with the given level.</doc>
<status status="PASS" start="2026-09-11T00:45:46.088324" elapsed="0.000192"/>
</kw>
<kw name="Set Cell Voltage" owner="libraries.ECUSimulatorHTTPLibrary" type="TEARDOWN">
<msg time="2026-09-11T00:45:46.089661" level="INFO">Set cell 0 voltage to 3.7V</msg>
<arg>0</arg>
<arg>3.7</arg>
<doc>Set voltage of a specific cell (for fault injection)</doc>
<status status="PASS" start="2026-09-11T00:45:46.088658" elapsed="0.001046"/>
</kw>
<doc>Test DTC clearing functionality</doc>
<tag>dtc</tag>
<tag>faults</tag>
<tag>http</tag>
<timeout value="30 seconds"/>
<status status="PASS" start="2026-09-11T00:45:46.082445" elapsed="0.007293"/>
</test>
<test id="s1-s1-s1-t11" name="TC011 Fault Verification Keywords" line="242">
<kw name="Clear Dtc" owner="libraries.ECUSimulatorHTTPLibrary">
<msg time="2026-09-11T00:45:46.091032" level="INFO">DTCs cleared</msg>
<doc>Clear stored Diagnostic Trouble Codes</doc>
<status status="PASS" start="2026-09-11T00:45:46.090118" elapsed="0.000967"/>
</kw>
<kw name="Ecu Should Have No Faults" owner="libraries.ECUSimulatorHTTPLibrary">
<doc>Verify that no faults are active</doc>
<status status="PASS" start="2026-09-11T00:45:46.091158" elapsed="0.000822"/>
</kw>
<kw name="Set Cell Voltage" owner="libraries.ECUSimulatorHTTPLibrary">
<msg time="2026-09-11T00:45:46.093029" level="INFO">Set cell 0 voltage to 5.0V</msg>
<arg>0</arg>
<arg>5.0</arg>
<doc>Set voltage of a specific cell (for fault injection)</doc>
<status status="PASS" start="2026-09-11T00:45:46.092056" elapsed="0.001026"/>
</kw>
<kw name="Ecu Should Have Fault" owner="libraries.ECUSimulatorHTTPLibrary">
<arg>OVERVOLTAGE</arg>
<doc>Verify that a specific fault is active</doc>
<status status="PASS" start="2026-09-11T00:45:46.093159" elapsed="0.000843"/>
</kw>
<kw name="Set Cell Voltage" owner="libraries.ECUSimulatorHTTPLibrary">
<msg time="2026-09-11T00:45:46.095061" level="INFO">Set cell 0 voltage to 3.7V</msg>
<arg>0</arg>
<arg>3.7</arg>
<doc>Set voltage of a specific cell (for fault injection)</doc>
<status status="PASS" start="2026-09-11T00:45:46.094081" elapsed="0.001030"/>
</kw>
<doc>Test fault verification helper keywords</doc>
<tag>faults</tag>
<tag>http</tag>
<tag>verification</tag>
<timeout value="30 seconds"/>
<status status="PASS" start="2026-09-11T00:45:46.089899" elapsed="0.005290"/>
</test>
<test id="s1-s1-s1-t12" name="TC012 Cell Temperature Queries And Injection" line="262">
<kw name="Get Cell Temperature" owner="libraries.ECUSimulatorHTTPLibrary">
<msg time="2026-09-11T00:45:46.097057" level="INFO">${temp_before} = 25.0</msg>
<var>${temp_before}</var>
<arg>0</arg>
<doc>Get temperature of a specific battery cell</doc>
<status status="PASS" start="2026-09-11T00:45:46.095605" elapsed="0.001474"/>
</kw>
<kw name="Log" owner="BuiltIn">
<msg time="2026-09-11T00:45:46.097372" level="INFO">Cell 0 initial temperature: 25.0C</msg>
<arg>Cell 0 initial temperature: ${temp_before}C</arg>
<doc>Logs the given message with the given level.</doc>
<status status="PASS" start="2026-09-11T00:45:46.097159" elapsed="0.000249"/>
</kw>
<kw name="Set Cell Temperature" owner="libraries.ECUSimulatorHTTPLibrary">
<msg time="2026-09-11T00:45:46.098510" level="INFO">Set cell 0 temperature to 30.0C</msg>
<msg time="2026-09-11T00:45:46.098599" level="INFO">${result} = Cell 0 temperature set</msg>
<var>${result}</var>
<arg>0</arg>
<arg>30</arg>
<doc>Set temperature of a specific cell (for fault injection)</doc>
<status status="PASS" start="2026-09-11T00:45:46.097486" elapsed="0.001129"/>
</kw>
<kw name="Log" owner="BuiltIn">
<msg time="2026-09-11T00:45:46.098892" level="INFO">Temperature set result: Cell 0 temperature set</msg>
<arg>Temperature set result: ${result}</arg>
<doc>Logs the given message with the given level.</doc>
<status status="PASS" start="2026-09-11T00:45:46.098695" elapsed="0.000230"/>
</kw>
<kw name="Get Cell Temperature" owner="libraries.ECUSimulatorHTTPLibrary">
<msg time="2026-09-11T00:45:46.099915" level="INFO">${temp_after} = 30.0</msg>
<var>${temp_after}</var>
<arg>0</arg>
<doc>Get temperature of a specific battery cell</doc>
<status status="PASS" start="2026-09-11T00:45:46.098991" elapsed="0.000946"/>
</kw>
<kw name="Log" owner="BuiltIn">
<msg time="2026-09-11T00:45:46.100226" level="INFO">Cell 0 new temperature: 30.0C</msg>
<arg>Cell 0 new temperature: ${temp_after}C</arg>
<doc>Logs the given message with the given level.</doc>
<status status="PASS" start="2026-09-11T00:45:46.100018" elapsed="0.000242"/>
</kw>
<kw name="Should Be Equal As Numbers" owner="BuiltIn">
<msg time="2026-09-11T00:45:46.100543" level="INFO">Argument types are:
&lt;class 'float'&gt;
&lt;class 'str'&gt;</msg>
<arg>${temp_after}</arg>
<arg>30</arg>
<arg>msg=Temperature not set correctly</arg>
<doc>Fails if objects are unequal after converting them to real numbers.</doc>
<status status="PASS" start="2026-09-11T00:45:46.100327" elapsed="0.000274"/>
</kw>
<doc>Test cell temperature reading and setting via HTTP</doc>
<tag>cells</tag>
<tag>http</tag>
<tag>temperature</tag>
<timeout value="30 seconds"/>
<status status="PASS" start="2026-09-11T00:45:46.095336" elapsed="0.005336"/>
</test>
<test id="s1-s1-s1-t13" name="TC013 Concurrent Requests Response Time" line="281">
<kw name="Get Time" owner="BuiltIn">
<msg time="2026-09-11T00:45:46.101290" level="INFO">${start_time} = 1789087546</msg>
<var>${start_time}</var>
<arg>epoch</arg>
<doc>Returns the given time in the requested format.</doc>
<status status="PASS" start="2026-09-11T00:45:46.101051" elapsed="0.000258"/>
</kw>
<for flavor="IN RANGE">
<iter>
<kw name="Get Battery Soc" owner="libraries.ECUSimulatorHTTPLibrary">
<doc>Get the current State of Charge (SOC) from battery ECU</doc>
<status status="PASS" start="2026-09-11T00:45:46.101980" elapsed="0.000844"/>
</kw>
<kw name="Get Battery Voltage" owner="libraries.ECUSimulatorHTTPLibrary">
<doc>Get the current pack voltage from battery ECU</doc>
<status status="PASS" start="2026-09-11T00:45:46.102908" elapsed="0.000801"/>
</kw>
<kw name="Get Battery Temperature" owner="libraries.ECUSimulatorHTTPLibrary">
<doc>Get the current pack temperature from battery ECU</doc>
<status status="PASS" start="2026-09-11T00:45:46.103788" elapsed="0.000783"/>
</kw>
<var name="${i}">0</var>
<status status="PASS" start="2026-09-11T00:45:46.101923" elapsed="0.002690"/>
</iter>
<iter>
<kw name="Get Battery Soc" owner="libraries.ECUSimulatorHTTPLibrary">
<doc>Get the current State of Charge (SOC) from battery ECU</doc>
<status status="PASS" start="2026-09-11T00:45:46.104752" elapsed="0.000792"/>
</kw>
<kw name="Get Battery Voltage" owner="libraries.ECUSimulatorHTTPLibrary">
<doc>Get the current pack voltage from battery ECU</doc>
<status status="PASS" start="2026-09-11T00:45:46.105629" elapsed="0.000782"/>
</kw>
<kw name="Get Battery Temperature" owner="libraries.ECUSimulatorHTTPLibrary">
<doc>Get the current pack temperature from battery ECU</doc>
<status status="PASS" start="2026-09-11T00:45:46.106500" elapsed="0.000779"/>
</kw>
<var name="${i}">1</var>
<status status="PASS" start="2026-09-11T00:45:46.104694" elapsed="0.002614"/>
</iter>
<iter>
<kw name="Get Battery Soc" owner="libraries.ECUSimulatorHTTPLibrary">
<doc>Get the current State of Charge (SOC) from battery ECU</doc>
<status status="PASS" start="2026-09-11T00:45:46.107442" elapsed="0.000779"/>
</kw>
<kw name="Get Battery Voltage" owner="libraries.ECUSimulatorHTTPLibrary">
<doc>Get the current pack voltage from battery ECU</doc>
<status status="PASS" start="2026-09-11T00:45:46.108295" elapsed="0.000777"/>
</kw>
<kw name="Get Battery Temperature" owner="libraries.ECUSimulatorHTTPLibrary">
<doc>Get the current pack temperature from battery ECU</doc>
<status status="PASS" start="2026-09-11T00:45:46.109151" elapsed="0.000793"/>
</kw>
<var name="${i}">2</var>
<status status="PASS" start="2026-09-11T00:45:46.107385" elapsed="0.002588"/>
</iter>
<iter>
<kw name="Get Battery Soc" owner="libraries.ECUSimulatorHTTPLibrary">
<doc>Get the current State of Charge (SOC) from battery ECU</doc>
<status status="PASS" start="2026-09-11T00:45:46.110106" elapsed="0.000841"/>
</kw>
<kw name="Get Battery Voltage" owner="libraries.ECUSimulatorHTTPLibrary">
<doc>Get the current pack voltage from battery ECU</doc>
<status status="PASS" start="2026-09-11T00:45:46.111032" elapsed="0.000860"/>
</kw>
<kw name="Get Battery Temperature" owner="libraries.ECUSimulatorHTTPLibrary">
<doc>Get the current pack temperature from battery ECU</doc>
<status status="PASS" start="2026-09-11T00:45:46.111989" elapsed="0.000781"/>
</kw>
<var name="${i}">3</var>
<status status="PASS" start="2026-09-11T00:45:46.110049" elapsed="0.002751"/>
</iter>
<iter>
<kw name="Get Battery Soc" owner="libraries.ECUSimulatorHTTPLibrary">
<doc>Get the current State of Charge (SOC) from battery ECU</doc>
<status status="PASS" start="2026-09-11T00:45:46.112934" elapsed="0.000804"/>
</kw>
<kw name="Get Battery Voltage" owner="libraries.ECUSimulatorHTTPLibrary">
<doc>Get the current pack voltage from battery ECU</doc>
<status status="PASS" start="2026-09-11T00:45:46.113814" elapsed="0.000763"/>
</kw>
<kw name="Get Battery Temperature" owner="libraries.ECUSimulatorHTTPLibrary">
<doc>Get the current pack temperature from battery ECU</doc>
<status status="PASS" start="2026-09-11T00:45:46.114661" elapsed="0.000752"/>
</kw>
<var name="${i}">4</var>
<status status="PASS" start="2026-09-11T00:45:46.112876" elapsed="0.002564"/>
</iter>
<iter>
<kw name="Get Battery Soc" owner="libraries.ECUSimulatorHTTPLibrary">
<doc>Get the current State of Charge (SOC) from battery ECU</doc>
<status status="PASS" start="2026-09-11T00:45:46.115579" elapsed="0.000816"/>
</kw>
<kw name="Get Battery Voltage" owner="libraries.ECUSimulatorHTTPLibrary">
<doc>Get the current pack voltage from battery ECU</doc>
<status status="PASS" start="2026-09-11T00:45:46.116470" elapsed="0.000870"/>
</kw>
<kw name="Get Battery Temperature" owner="libraries.ECUSimulatorHTTPLibrary">
<doc>Get the current pack temperature from battery ECU</doc>
<status status="PASS" start="2026-09-11T00:45:46.117413" elapsed="0.000831"/>
</kw>
<var name="${i}">5</var>
<status status="PASS" start="2026-09-11T00:45:46.115521" elapsed="0.002751"/>
</iter>
<iter>
<kw name="Get Battery Soc" owner="libraries.ECUSimulatorHTTPLibrary">
<doc>Get the current State of Charge (SOC) from battery ECU</doc>
<status status="PASS" start="2026-09-11T00:45:46.118398" elapsed="0.000787"/>
</kw>
<kw name="Get Battery Voltage" owner="libraries.ECUSimulatorHTTPLibrary">
<doc>Get the current pack voltage from battery ECU</doc>
<status status="PASS" start="2026-09-11T00:45:46.119261" elapsed="0.000806"/>
</kw>
<kw name="Get Battery Temperature" owner="libraries.ECUSimulatorHTTPLibrary">
<doc>Get the current pack temperature from battery ECU</doc>
<status status="PASS" start="2026-09-11T00:45:46.120140" elapsed="0.000786"/>
</kw>
<var name="${i}">6</var>
<status status="PASS" start="2026-09-11T00:45:46.118344" elapsed="0.002610"/>
</iter>
<iter>
<kw name="Get Battery Soc" owner="libraries.ECUSimulatorHTTPLibrary">
<doc>Get the current State of Charge (SOC) from battery ECU</doc>
<status status="PASS" start="2026-09-11T00:45:46.121081" elapsed="0.000772"/>
</kw>
<kw name="Get Battery Voltage" owner="libraries.ECUSimulatorHTTPLibrary">
<doc>Get the current pack voltage from battery ECU</doc>
<status status="PASS" start="2026-09-11T00:45:46.121925" elapsed="0.000756"/>
</kw>
<kw name="Get Battery Temperature" owner="libraries.ECUSimulatorHTTPLibrary">
<doc>Get the current pack temperature from battery ECU</doc>
<status status="PASS" start="2026-09-11T00:45:46.122758" elapsed="0.000789"/>
</kw>
<var name="${i}">7</var>
<status status="PASS" start="2026-09-11T00:45:46.121026" elapsed="0.002549"/>
</iter>
<iter>
<kw name="Get Battery Soc" owner="libraries.ECUSimulatorHTTPLibrary">
<doc>Get the current State of Charge (SOC) from battery ECU</doc>
<status status="PASS" start="2026-09-11T00:45:46.123717" elapsed="0.000768"/>
</kw>
<kw name="Get Battery Voltage" owner="libraries.ECUSimulatorHTTPLibrary">
<doc>Get the current pack voltage from battery ECU</doc>
<status status="PASS" start="2026-09-11T00:45:46.124559" elapsed="0.000767"/>
</kw>
<kw name="Get Battery Temperature" owner="libraries.ECUSimulatorHTTPLibrary">
<doc>Get the current pack temperature from battery ECU</doc>
<status status="PASS" start="2026-09-11T00:45:46.125400" elapsed="0.000799"/>
</kw>
<var name="${i}">8</var>
<status status="PASS" start="2026-09-11T00:45:46.123660" elapsed="0.002568"/>
</iter>
<iter>
<kw name="Get Battery Soc" owner="libraries.ECUSimulatorHTTPLibrary">
<doc>Get the current State of Charge (SOC) from battery ECU</doc>
<status status="PASS" start="2026-09-11T00:45:46.126356" elapsed="0.000820"/>
</kw>
<kw name="Get Battery Voltage" owner="libraries.ECUSimulatorHTTPLibrary">
<doc>Get the current pack voltage from battery ECU</doc>
<status status="PASS" start="2026-09-11T00:45:46.127250" elapsed="0.000795"/>
</kw>
<kw name="Get Battery Temperature" owner="libraries.ECUSimulatorHTTPLibrary">
<doc>Get the current pack temperature from battery ECU</doc>
<status status="PASS" start="2026-09-11T00:45:46.128117" elapsed="0.000797"/>
</kw>
<var name="${i}">9</var>
<status status="PASS" start="2026-09-11T00:45:46.126301" elapsed="0.002643"/>
</iter>
<iter>
<kw name="Get Battery Soc" owner="libraries.ECUSimulatorHTTPLibrary">
<doc>Get the current State of Charge (SOC) from battery ECU</doc>
<status status="PASS" start="2026-09-11T00:45:46.129079" elapsed="0.000777"/>
</kw>
<kw name="Get Battery Voltage" owner="libraries.ECUSimulatorHTTPLibrary">
<doc>Get the current pack voltage from battery ECU</doc>
<status status="PASS" start="2026-09-11T00:45:46.129933" elapsed="0.000764"/>
</kw>
<kw name="Get Battery Temperature" owner="libraries.ECUSimulatorHTTPLibrary">
<doc>Get the current pack temperature from battery ECU</doc>
<status status="PASS" start="2026-09-11T00:45:46.130773" elapsed="0.000779"/>
</kw>
<var name="${i}">10</var>
<status status="PASS" start="2026-09-11T00:45:46.129020" elapsed="0.002562"/>
</iter>
<iter>
<kw name="Get Battery Soc" owner="libraries.ECUSimulatorHTTPLibrary">
<doc>Get the current State of Charge (SOC) from battery ECU</doc>
<status status="PASS" start="2026-09-11T00:45:46.131726" elapsed="0.000777"/>
</kw>
<kw name="Get Battery Voltage" owner="libraries.ECUSimulatorHTTPLibrary">
<doc>Get the current pack voltage from battery ECU</doc>
<status status="PASS" start="2026-09-11T00:45:46.132580" elapsed="0.000754"/>
</kw>
<kw name="Get Battery Temperature" owner="libraries.ECUSimulatorHTTPLibrary">
<doc>Get the current pack temperature from battery ECU</doc>
<status status="PASS" start="2026-09-11T00:45:46.133410" elapsed="0.000785"/>
</kw>
<var name="${i}">11</var>
<status status="PASS" start="2026-09-11T00:45:46.131668" elapsed="0.002557"/>
</iter>
<iter>
<kw name="Get Battery Soc" owner="libraries.ECUSimulatorHTTPLibrary">
<doc>Get the current State of Charge (SOC) from battery ECU</doc>
<status status="PASS" start="2026-09-11T00:45:46.134356" elapsed="0.000772"/>
</kw>
<kw name="Get Battery Voltage" owner="libraries.ECUSimulatorHTTPLibrary">
<doc>Get the current pack voltage from battery ECU</doc>
<status status="PASS" start="2026-09-11T00:45:46.135206" elapsed="0.000763"/>
</kw>
<kw name="Get Battery Temperature" owner="libraries.ECUSimulatorHTTPLibrary">
<doc>Get the current pack temperature from battery ECU</doc>
<status status="PASS" start="2026-09-11T00:45:46.136049" elapsed="0.000772"/>
</kw>
<var name="${i}">12</var>
<status status="PASS" start="2026-09-11T00:45:46.134298" elapsed="0.002556"/>
</iter>
<iter>
<kw name="Get Battery Soc" owner="libraries.ECUSimulatorHTTPLibrary">
<doc>Get the current State of Charge (SOC) from battery ECU</doc>
<status status="PASS" start="2026-09-11T00:45:46.136998" elapsed="0.000776"/>
</kw>
<kw name="Get Battery Voltage" owner="libraries.ECUSimulatorHTTPLibrary">
<doc>Get the current pack voltage from battery ECU</doc>
<status status="PASS" start="2026-09-11T00:45:46.137850" elapsed="0.000753"/>
</kw>
<kw name="Get Battery Temperature" owner="libraries.ECUSimulatorHTTPLibrary">
<doc>Get the current pack temperature from battery ECU</doc>
<status status="PASS" start="2026-09-11T00:45:46.138677" elapsed="0.000764"/>
</kw>
<var name="${i}">13</var>
<status status="PASS" start="2026-09-11T00:45:46.136940" elapsed="0.002532"/>
</iter>
<iter>
<kw name="Get Battery Soc" owner="libraries.ECUSimulatorHTTPLibrary">
<doc>Get the current State of Charge (SOC) from battery ECU</doc>
<status status="PASS" start="2026-09-11T00:45:46.139638" elapsed="0.000767"/>
</kw>
<kw name="Get Battery Voltage" owner="libraries.ECUSimulatorHTTPLibrary">
<doc>Get the current pack voltage from battery ECU</doc>
<status status="PASS" start="2026-09-11T00:45:46.140490" elapsed="0.000757"/>
</kw>
<kw name="Get Battery Temperature" owner="libraries.ECUSimulatorHTTPLibrary">
<doc>Get the current pack temperature from battery ECU</doc>
<status status="PASS" start="2026-09-11T00:45:46.141323" elapsed="0.000773"/>
</kw>
<var name="${i}">14</var>
<status status="PASS" start="2026-09-11T00:45:46.139555" elapsed="0.002571"/>
</iter>
<iter>
<kw name="Get Battery Soc" owner="libraries.ECUSimulatorHTTPLibrary">
<doc>Get the current State of Charge (SOC) from battery ECU</doc>
<status status="PASS" start="2026-09-11T00:45:46.142259" elapsed="0.000779"/>
</kw>
<kw name="Get Battery Voltage" owner="libraries.ECUSimulatorHTTPLibrary">
<doc>Get the current pack voltage from battery ECU</doc>
<status status="PASS" start="2026-09-11T00:45:46.143115" elapsed="0.000765"/>
</kw>
<kw name="Get Battery Temperature" owner="libraries.ECUSimulatorHTTPLibrary">
<doc>Get the current pack temperature from battery ECU</doc>
<status status="PASS" start="2026-09-11T00:45:46.143956" elapsed="0.000758"/>
</kw>
<var name="${i}">15</var>
<status status="PASS" start="2026-09-11T00:45:46.142200" elapsed="0.002542"/>
</iter>
<iter>
<kw name="Get Battery Soc" owner="libraries.ECUSimulatorHTTPLibrary">
<doc>Get the current State of Charge (SOC) from battery ECU</doc>
<status status="PASS" start="2026-09-11T00:45:46.144870" elapsed="0.000791"/>
</kw>
<kw name="Get Battery Voltage" owner="libraries.ECUSimulatorHTTPLibrary">
<doc>Get the current pack voltage from battery ECU</doc>
<status status="PASS" start="2026-09-11T00:45:46.145742" elapsed="0.000772"/>
</kw>
<kw name="Get Battery Temperature" owner="libraries.ECUSimulatorHTTPLibrary">
<doc>Get the current pack temperature from battery ECU</doc>
<status status="PASS" start="2026-09-11T00:45:46.146602" elapsed="0.000757"/>
</kw>
<var name="${i}">16</var>
<status status="PASS" start="2026-09-11T00:45:46.144814" elapsed="0.002574"/>
</iter>
<iter>
<kw name="Get Battery Soc" owner="libraries.ECUSimulatorHTTPLibrary">
<doc>Get the current State of Charge (SOC) from battery ECU</doc>
<status status="PASS" start="2026-09-11T00:45:46.147529" elapsed="0.000796"/>
</kw>
<kw name="Get Battery Voltage" owner="libraries.ECUSimulatorHTTPLibrary">
<doc>Get the current pack voltage from battery ECU</doc>
<status status="PASS" start="2026-09-11T00:45:46.148403" elapsed="0.000783"/>
</kw>
<kw name="Get Battery Temperature" owner="libraries.ECUSimulatorHTTPLibrary">
<doc>Get the current pack temperature from battery ECU</doc>
<status status="PASS" start="2026-09-11T00:45:46.149263" elapsed="0.000768"/>
</kw>
<var name="${i}">17</var>
<status status="PASS" start="2026-09-11T00:45:46.147462" elapsed="0.002596"/>
</iter>
<iter>
<kw name="Get Battery Soc" owner="libraries.ECUSimulatorHTTPLibrary">
<doc>Get the current State of Charge (SOC) from battery ECU</doc>
<status status="PASS" start="2026-09-11T00:45:46.150186" elapsed="0.000787"/>
</kw>
<kw name="Get Battery Voltage" owner="libraries.ECUSimulatorHTTPLibrary">
<doc>Get the current pack voltage from battery ECU</doc>
<status status="PASS" start="2026-09-11T00:45:46.151054" elapsed="0.000791"/>
</kw>
<kw name="Get Battery Temperature" owner="libraries.ECUSimulatorHTTPLibrary">
<doc>Get the current pack temperature from battery ECU</doc>
<status status="PASS" start="2026-09-11T00:45:46.151922" elapsed="0.000785"/>
</kw>
<var name="${i}">18</var>
<status status="PASS" start="2026-09-11T00:45:46.150130" elapsed="0.002606"/>
</iter>
<iter>
<kw name="Get Battery Soc" owner="libraries.ECUSimulatorHTTPLibrary">
<doc>Get the current State of Charge (SOC) from battery ECU</doc>
<status status="PASS" start="2026-09-11T00:45:46.152867" elapsed="0.000778"/>
</kw>
<kw name="Get Battery Voltage" owner="libraries.ECUSimulatorHTTPLibrary">
<doc>Get the current pack voltage from battery ECU</doc>
<status status="PASS" start="2026-09-11T00:45:46.153726" elapsed="0.000792"/>
</kw>
<kw name="Get Battery Temperature" owner="libraries.ECUSimulatorHTTPLibrary">
<doc>Get the current pack temperature from battery ECU</doc>
<status status="PASS" start="2026-09-11T00:45:46.154604" elapsed="0.000769"/>
</kw>
<var name="${i}">19</var>
<status status="PASS" start="2026-09-11T00:45:46.152810" elapsed="0.002591"/>
</iter>
<iter>
<kw name="Get Battery Soc" owner="libraries.ECUSimulatorHTTPLibrary">
<doc>Get the current State of Charge (SOC) from battery ECU</doc>
<status status="PASS" start="2026-09-11T00:45:46.155544" elapsed="0.000765"/>
</kw>
<kw name="Get Battery Voltage" owner="libraries.ECUSimulatorHTTPLibrary">
<doc>Get the current pack voltage from battery ECU</doc>
<status status="PASS" start="2026-09-11T00:45:46.156383" elapsed="0.000765"/>
</kw>
<kw name="Get Battery Temperature" owner="libraries.ECUSimulatorHTTPLibrary">
<doc>Get the current pack temperature from battery ECU</doc>
<status status="PASS" start="2026-09-11T00:45:46.157223" elapsed="0.000914"/>
</kw>
<var name="${i}">20</var>
<status status="PASS" start="2026-09-11T00:45:46.155486" elapsed="0.002683"/>
</iter>
<iter>
<kw name="Get Battery Soc" owner="libraries.ECUSimulatorHTTPLibrary">
<doc>Get the current State of Charge (SOC) from battery ECU</doc>
<status status="PASS" start="2026-09-11T00:45:46.158305" elapsed="0.000847"/>
</kw>
<kw name="Get Battery Voltage" owner="libraries.ECUSimulatorHTTPLibrary">
<doc>Get the current pack voltage from battery ECU</doc>
<status status="PASS" start="2026-09-11T00:45:46.159229" elapsed="0.000777"/>
</kw>
<kw name="Get Battery Temperature" owner="libraries.ECUSimulatorHTTPLibrary">
<doc>Get the current pack temperature from battery ECU</doc>
<status status="PASS" start="2026-09-11T00:45:46.160083" elapsed="0.000782"/>
</kw>
<var name="${i}">21</var>
<status status="PASS" start="2026-09-11T00:45:46.158244" elapsed="0.002650"/>
</iter>
<iter>
<kw name="Get Battery Soc" owner="libraries.ECUSimulatorHTTPLibrary">
<doc>Get the current State of Charge (SOC) from battery ECU</doc>
<status status="PASS" start="2026-09-11T00:45:46.161025" elapsed="0.000810"/>
</kw>
<kw name="Get Battery Voltage" owner="libraries.ECUSimulatorHTTPLibrary">
<doc>Get the current pack voltage from battery ECU</doc>
<status status="PASS" start="2026-09-11T00:45:46.161911" elapsed="0.000775"/>
</kw>
<kw name="Get Battery Temperature" owner="libraries.ECUSimulatorHTTPLibrary">
<doc>Get the current pack temperature from battery ECU</doc>
<status status="PASS" start="2026-09-11T00:45:46.162760" elapsed="0.000767"/>
</kw>
<var name="${i}">22</var>
<status status="PASS" start="2026-09-11T00:45:46.160966" elapsed="0.002588"/>
</iter>
<iter>
<kw name="Get Battery Soc" owner="libraries.ECUSimulatorHTTPLibrary">
<doc>Get the current State of Charge (SOC) from battery ECU</doc>
<status status="PASS" start="2026-09-11T00:45:46.163690" elapsed="0.000771"/>
</kw>
<kw name="Get Battery Voltage" owner="libraries.ECUSimulatorHTTPLibrary">
<doc>Get the current pack voltage from battery ECU</doc>
<status status="PASS" start="2026-09-11T00:45:46.164551" elapsed="0.000768"/>
</kw>
<kw name="Get Battery Temperature" owner="libraries.ECUSimulatorHTTPLibrary">
<doc>Get the current pack temperature from battery ECU</doc>
<status status="PASS" start="2026-09-11T00:45:46.165396" elapsed="0.000764"/>
</kw>
<var name="${i}">23</var>
<status status="PASS" start="2026-09-11T00:45:46.163635" elapsed="0.002553"/>
</iter>
<iter>
<kw name="Get Battery Soc" owner="libraries.ECUSimulatorHTTPLibrary">
<doc>Get the current State of Charge (SOC) from battery ECU</doc>
<status status="PASS" start="2026-09-11T00:45:46.166319" elapsed="0.000760"/>
</kw>
<kw name="Get Battery Voltage" owner="libraries.ECUSimulatorHTTPLibrary">
<doc>Get the current pack voltage from battery ECU</doc>
<status status="PASS" start="2026-09-11T00:45:46.167156" elapsed="0.000786"/>
</kw>
<kw name="Get Battery Temperature" owner="libraries.ECUSimulatorHTTPLibrary">
<doc>Get the current pack temperature from battery ECU</doc>
<status status="PASS" start="2026-09-11T00:45:46.168028" elapsed="0.000774"/>
</kw>
<var name="${i}">24</var>
<status status="PASS" start="2026-09-11T00:45:46.166262" elapsed="0.002567"/>
</iter>
<iter>
<kw name="Get Battery Soc" owner="libraries.ECUSimulatorHTTPLibrary">
<doc>Get the current State of Charge (SOC) from battery ECU</doc>
<status status="PASS" start="2026-09-11T00:45:46.168960" elapsed="0.000759"/>
</kw>
<kw name="Get Battery Voltage" owner="libraries.ECUSimulatorHTTPLibrary">
<doc>Get the current pack voltage from battery ECU</doc>
<status status="PASS" start="2026-09-11T00:45:46.169794" elapsed="0.000785"/>
</kw>
<kw name="Get Battery Temperature" owner="libraries.ECUSimulatorHTTPLibrary">
<doc>Get the current pack temperature from battery ECU</doc>
<status status="PASS" start="2026-09-11T00:45:46.170672" elapsed="0.000765"/>
</kw>
<var name="${i}">25</var>
<status status="PASS" start="2026-09-11T00:45:46.168903" elapsed="0.002562"/>
</iter>
<iter>
<kw name="Get Battery Soc" owner="libraries.ECUSimulatorHTTPLibrary">
<doc>Get the current State of Charge (SOC) from battery ECU</doc>
<status status="PASS" start="2026-09-11T00:45:46.171618" elapsed="0.000754"/>
</kw>
<kw name="Get Battery Voltage" owner="libraries.ECUSimulatorHTTPLibrary">
<doc>Get the current pack voltage from battery ECU</doc>
<status status="PASS" start="2026-09-11T00:45:46.172448" elapsed="0.000762"/>
</kw>
<kw name="Get Battery Temperature" owner="libraries.ECUSimulatorHTTPLibrary">
<doc>Get the current pack temperature from battery ECU</doc>
<status status="PASS" start="2026-09-11T00:45:46.173287" elapsed="0.000796"/>
</kw>
<var name="${i}">26</var>
<status status="PASS" start="2026-09-11T00:45:46.171548" elapsed="0.002563"/>
</iter>
<iter>
<kw name="Get Battery Soc" owner="libraries.ECUSimulatorHTTPLibrary">
<doc>Get the current State of Charge (SOC) from battery ECU</doc>
<status status="PASS" start="2026-09-11T00:45:46.174240" elapsed="0.000780"/>
</kw>
<kw name="Get Battery Voltage" owner="libraries.ECUSimulatorHTTPLibrary">
<doc>Get the current pack voltage from battery ECU</doc>
<status status="PASS" start="2026-09-11T00:45:46.175093" elapsed="0.000766"/>
</kw>
<kw name="Get Battery Temperature" owner="libraries.ECUSimulatorHTTPLibrary">
<doc>Get the current pack temperature from battery ECU</doc>
<status status="PASS" start="2026-09-11T00:45:46.175931" elapsed="0.000760"/>
</kw>
<var name="${i}">27</var>
<status status="PASS" start="2026-09-11T00:45:46.174183" elapsed="0.002534"/>
</iter>
<iter>
<kw name="Get Battery Soc" owner="libraries.ECUSimulatorHTTPLibrary">
<doc>Get the current State of Charge (SOC) from battery ECU</doc>
<status status="PASS" start="2026-09-11T00:45:46.176842" elapsed="0.000768"/>
</kw>
<kw name="Get Battery Voltage" owner="libraries.ECUSimulatorHTTPLibrary">
<doc>Get the current pack voltage from battery ECU</doc>
<status status="PASS" start="2026-09-11T00:45:46.177690" elapsed="0.001141"/>
</kw>
<kw name="Get Battery Temperature" owner="libraries.ECUSimulatorHTTPLibrary">
<doc>Get the current pack temperature from battery ECU</doc>
<status status="PASS" start="2026-09-11T00:45:46.178910" elapsed="0.000769"/>
</kw>
<var name="${i}">28</var>
<status status="PASS" start="2026-09-11T00:45:46.176787" elapsed="0.002921"/>
</iter>
<iter>
<kw name="Get Battery Soc" owner="libraries.ECUSimulatorHTTPLibrary">
<doc>Get the current State of Charge (SOC) from battery ECU</doc>
<status status="PASS" start="2026-09-11T00:45:46.179840" elapsed="0.000778"/>
</kw>
<kw name="Get Battery Voltage" owner="libraries.ECUSimulatorHTTPLibrary">
<doc>Get the current pack voltage from battery ECU</doc>
<status status="PASS" start="2026-09-11T00:45:46.180699" elapsed="0.000745"/>
</kw>
<kw name="Get Battery Temperature" owner="libraries.ECUSimulatorHTTPLibrary">
<doc>Get the current pack temperature from battery ECU</doc>
<status status="PASS" start="2026-09-11T00:45:46.181531" elapsed="0.000787"/>
</kw>
<var name="${i}">29</var>
<status status="PASS" start="2026-09-11T00:45:46.179782" elapsed="0.002565"/>
</iter>
<iter>
<kw name="Get Battery Soc" owner="libraries.ECUSimulatorHTTPLibrary">
<doc>Get the current State of Charge (SOC) from battery ECU</doc>
<status status="PASS" start="2026-09-11T00:45:46.182486" elapsed="0.000761"/>
</kw>
<kw name="Get Battery Voltage" owner="libraries.ECUSimulatorHTTPLibrary">
<doc>Get the current pack voltage from battery ECU</doc>
<status status="PASS" start="2026-09-11T00:45:46.183323" elapsed="0.000757"/>
</kw>
<kw name="Get Battery Temperature" owner="libraries.ECUSimulatorHTTPLibrary">
<doc>Get the current pack temperature from battery ECU</doc>
<status status="PASS" start="2026-09-11T00:45:46.184156" elapsed="0.000772"/>
</kw>
<var name="${i}">30</var>
<status status="PASS" start="2026-09-11T00:45:46.182419" elapsed="0.002539"/>
</iter>
<iter>
<kw name="Get Battery Soc" owner="libraries.ECUSimulatorHTTPLibrary">
<doc>Get the current State of Charge (SOC) from battery ECU</doc>
<status status="PASS" start="2026-09-11T00:45:46.185090" elapsed="0.000790"/>
</kw>
<kw name="Get Battery Voltage" owner="libraries.ECUSimulatorHTTPLibrary">
<doc>Get the current pack voltage from battery ECU</doc>
<status status="PASS" start="2026-09-11T00:45:46.185957" elapsed="0.000762"/>
</kw>
<kw name="Get Battery Temperature" owner="libraries.ECUSimulatorHTTPLibrary">
<doc>Get the current pack temperature from battery ECU</doc>
<status status="PASS" start="2026-09-11T00:45:46.186794" elapsed="0.000754"/>
</kw>
<var name="${i}">31</var>
<status status="PASS" start="2026-09-11T00:45:46.185030" elapsed="0.002545"/>
</iter>
<iter>
<kw name="Get Battery Soc" owner="libraries.ECUSimulatorHTTPLibrary">
<doc>Get the current State of Charge (SOC) from battery ECU</doc>
<status status="PASS" start="2026-09-11T00:45:46.187714" elapsed="0.000744"/>
</kw>
[...]
<doc>Evaluates the given expression in Python and returns the result.</doc>
<status status="PASS" start="2026-09-11T00:45:51.886288" elapsed="0.000278"/>
</kw>
<kw name="Set Variable If" owner="BuiltIn">
<msg time="2026-09-11T00:45:51.886841" level="INFO">${overtemp_count} = 3</msg>
<var>${overtemp_count}</var>
<arg>${is_over}</arg>
<arg>${{ ${overtemp_count} + 1 }}</arg>
<arg>${overtemp_count}</arg>
<doc>Sets variable based on the given condition.</doc>
<status status="PASS" start="2026-09-11T00:45:51.886649" elapsed="0.000207"/>
</kw>
<var name="${cell_id}">95</var>
<status status="PASS" start="2026-09-11T00:45:51.886024" elapsed="0.000857"/>
</iter>
<var>${cell_id}</var>
<value>${NUM_CELLS}</value>
<status status="PASS" start="2026-09-11T00:45:51.797511" elapsed="0.089389"/>
</for>
<kw name="Log" owner="BuiltIn">
<msg time="2026-09-11T00:45:51.887142" level="INFO">Cells over temperature: 3</msg>
<arg>Cells over temperature: ${overtemp_count}</arg>
<doc>Logs the given message with the given level.</doc>
<status status="PASS" start="2026-09-11T00:45:51.886966" elapsed="0.000210"/>
</kw>
<kw name="Clear Battery Faults" owner="libraries.FaultInjectionLibrary">
<msg time="2026-09-11T00:45:51.889361" level="INFO">Cleared all battery faults</msg>
<doc>Clear all injected battery faults</doc>
<status status="PASS" start="2026-09-11T00:45:51.887241" elapsed="0.002159"/>
</kw>
<doc>Verify detection of multiple simultaneous thermal faults</doc>
<tag>battery</tag>
<tag>multiple</tag>
<tag>thermal</tag>
<timeout value="30 seconds"/>
<status status="PASS" start="2026-09-11T00:45:51.795790" elapsed="0.093683"/>
</test>
<test id="s1-s1-s4-t8" name="Thermal Recovery Test" line="150">
<kw name="Inject Cell Overtemperature" owner="libraries.FaultInjectionLibrary">
<msg time="2026-09-11T00:45:51.890034" level="WARN">Injected overtemperature on cell 0: 70.0°C</msg>
<arg>cell_id=0</arg>
<arg>temperature=70</arg>
<doc>Inject overheating fault on a battery cell</doc>
<status status="PASS" start="2026-09-11T00:45:51.889880" elapsed="0.000218"/>
</kw>
<kw name="Verify Battery Fault Detected" owner="libraries.FaultInjectionLibrary">
<msg time="2026-09-11T00:45:51.890260" level="INFO">Fault 'OVERTEMPERATURE' detected</msg>
<msg time="2026-09-11T00:45:51.890313" level="INFO">${detected} = True</msg>
<var>${detected}</var>
<arg>OVERTEMPERATURE</arg>
<doc>Verify that a battery fault was detected</doc>
<status status="PASS" start="2026-09-11T00:45:51.890167" elapsed="0.000161"/>
</kw>
<kw name="Should Be True" owner="BuiltIn">
<arg>${detected}</arg>
<doc>Fails if the given condition is not true.</doc>
<status status="PASS" start="2026-09-11T00:45:51.890390" elapsed="0.000215"/>
</kw>
<kw name="Set Cell Temperature" owner="libraries.ECUSimulatorLibrary">
<arg>cell_id=0</arg>
<arg>temperature=25</arg>
<doc>Set temperature of a specific battery cell (fault injection)</doc>
<status status="PASS" start="2026-09-11T00:45:51.890669" elapsed="0.000129"/>
</kw>
<kw name="Sleep" owner="BuiltIn">
<msg time="2026-09-11T00:45:52.891200" level="INFO">Slept 1 second.</msg>
<arg>1s</arg>
<doc>Pauses the test executed for the given time.</doc>
<status status="PASS" start="2026-09-11T00:45:51.890862" elapsed="1.000659"/>
</kw>
<kw name="Get Battery Faults" owner="libraries.ECUSimulatorLibrary">
<msg time="2026-09-11T00:45:52.892033" level="INFO">${faults} = []</msg>
<var>${faults}</var>
<doc>Get list of active battery fault codes</doc>
<status status="PASS" start="2026-09-11T00:45:52.891826" elapsed="0.000226"/>
</kw>
<kw name="Should Not Contain" owner="BuiltIn">
<arg>${faults}</arg>
<arg>OVERTEMPERATURE</arg>
<doc>Fails if ``container`` contains ``item`` one or more times.</doc>
<status status="PASS" start="2026-09-11T00:45:52.892131" elapsed="0.000320"/>
</kw>
<kw name="Log" owner="BuiltIn">
<msg time="2026-09-11T00:45:52.892727" level="INFO">Thermal fault cleared after temperature normalized</msg>
<arg>Thermal fault cleared after temperature normalized</arg>
<doc>Logs the given message with the given level.</doc>
<status status="PASS" start="2026-09-11T00:45:52.892543" elapsed="0.000219"/>
</kw>
<doc>Verify fault clears when temperature returns to normal</doc>
<tag>battery</tag>
<tag>recovery</tag>
<tag>thermal</tag>
<timeout value="30 seconds"/>
<status status="PASS" start="2026-09-11T00:45:51.889649" elapsed="1.003195"/>
</test>
<test id="s1-s1-s4-t9" name="Temperature Monitoring Precision" line="172">
<kw name="Create List" owner="BuiltIn">
<msg time="2026-09-11T00:45:52.893570" level="INFO">@{test_temps} = [ 20.0 | 25.0 | 30.0 | 35.0 | 40.0 ]</msg>
<var>@{test_temps}</var>
<arg>20.0</arg>
<arg>25.0</arg>
<arg>30.0</arg>
<arg>35.0</arg>
<arg>40.0</arg>
<doc>Returns a list containing given items.</doc>
<status status="PASS" start="2026-09-11T00:45:52.893308" elapsed="0.000292"/>
</kw>
<for flavor="IN">
<iter>
<kw name="Set Cell Temperature" owner="libraries.ECUSimulatorLibrary">
<arg>cell_id=0</arg>
<arg>temperature=${temp}</arg>
<doc>Set temperature of a specific battery cell (fault injection)</doc>
<status status="PASS" start="2026-09-11T00:45:52.893856" elapsed="0.000184"/>
</kw>
<kw name="Sleep" owner="BuiltIn">
<msg time="2026-09-11T00:45:52.994461" level="INFO">Slept 100 milliseconds.</msg>
<arg>0.1s</arg>
<doc>Pauses the test executed for the given time.</doc>
<status status="PASS" start="2026-09-11T00:45:52.894110" elapsed="0.100495"/>
</kw>
<kw name="Get Cell Temperature" owner="libraries.ECUSimulatorLibrary">
<msg time="2026-09-11T00:45:52.994985" level="INFO">${read_temp} = 20.0</msg>
<var>${read_temp}</var>
<arg>0</arg>
<doc>Get temperature of a specific battery cell</doc>
<status status="PASS" start="2026-09-11T00:45:52.994741" elapsed="0.000263"/>
</kw>
<kw name="Evaluate" owner="BuiltIn">
<msg time="2026-09-11T00:45:52.995438" level="INFO">${diff} = 0.0</msg>
<var>${diff}</var>
<arg>abs(${read_temp} - ${temp})</arg>
<doc>Evaluates the given expression in Python and returns the result.</doc>
<status status="PASS" start="2026-09-11T00:45:52.995084" elapsed="0.000374"/>
</kw>
<kw name="Should Be True" owner="BuiltIn">
<arg>${diff} &lt; 1.0</arg>
<arg>msg=Temperature reading not precise: expected ${temp}, got ${read_temp}</arg>
<doc>Fails if the given condition is not true.</doc>
<status status="PASS" start="2026-09-11T00:45:52.995547" elapsed="0.000320"/>
</kw>
<kw name="Log" owner="BuiltIn">
<msg time="2026-09-11T00:45:52.996150" level="INFO">Set 20.0C, read 20.0C, diff 0.0C</msg>
<arg>Set ${temp}C, read ${read_temp}C, diff ${diff}C</arg>
<doc>Logs the given message with the given level.</doc>
<status status="PASS" start="2026-09-11T00:45:52.995946" elapsed="0.000237"/>
</kw>
<var name="${temp}">20.0</var>
<status status="PASS" start="2026-09-11T00:45:52.893792" elapsed="0.102414"/>
</iter>
<iter>
<kw name="Set Cell Temperature" owner="libraries.ECUSimulatorLibrary">
<arg>cell_id=0</arg>
<arg>temperature=${temp}</arg>
<doc>Set temperature of a specific battery cell (fault injection)</doc>
<status status="PASS" start="2026-09-11T00:45:52.996354" elapsed="0.000170"/>
</kw>
<kw name="Sleep" owner="BuiltIn">
<msg time="2026-09-11T00:45:53.096890" level="INFO">Slept 100 milliseconds.</msg>
<arg>0.1s</arg>
<doc>Pauses the test executed for the given time.</doc>
<status status="PASS" start="2026-09-11T00:45:52.996602" elapsed="0.100393"/>
</kw>
<kw name="Get Cell Temperature" owner="libraries.ECUSimulatorLibrary">
<msg time="2026-09-11T00:45:53.097322" level="INFO">${read_temp} = 25.0</msg>
<var>${read_temp}</var>
<arg>0</arg>
<doc>Get temperature of a specific battery cell</doc>
<status status="PASS" start="2026-09-11T00:45:53.097115" elapsed="0.000227"/>
</kw>
<kw name="Evaluate" owner="BuiltIn">
<msg time="2026-09-11T00:45:53.097788" level="INFO">${diff} = 0.0</msg>
<var>${diff}</var>
<arg>abs(${read_temp} - ${temp})</arg>
<doc>Evaluates the given expression in Python and returns the result.</doc>
<status status="PASS" start="2026-09-11T00:45:53.097418" elapsed="0.000389"/>
</kw>
<kw name="Should Be True" owner="BuiltIn">
<arg>${diff} &lt; 1.0</arg>
<arg>msg=Temperature reading not precise: expected ${temp}, got ${read_temp}</arg>
<doc>Fails if the given condition is not true.</doc>
<status status="PASS" start="2026-09-11T00:45:53.097882" elapsed="0.000294"/>
</kw>
<kw name="Log" owner="BuiltIn">
<msg time="2026-09-11T00:45:53.098461" level="INFO">Set 25.0C, read 25.0C, diff 0.0C</msg>
<arg>Set ${temp}C, read ${read_temp}C, diff ${diff}C</arg>
<doc>Logs the given message with the given level.</doc>
<status status="PASS" start="2026-09-11T00:45:53.098254" elapsed="0.000250"/>
</kw>
<var name="${temp}">25.0</var>
<status status="PASS" start="2026-09-11T00:45:52.996301" elapsed="0.102226"/>
</iter>
<iter>
<kw name="Set Cell Temperature" owner="libraries.ECUSimulatorLibrary">
<arg>cell_id=0</arg>
<arg>temperature=${temp}</arg>
<doc>Set temperature of a specific battery cell (fault injection)</doc>
<status status="PASS" start="2026-09-11T00:45:53.098689" elapsed="0.000176"/>
</kw>
<kw name="Sleep" owner="BuiltIn">
<msg time="2026-09-11T00:45:53.199307" level="INFO">Slept 100 milliseconds.</msg>
<arg>0.1s</arg>
<doc>Pauses the test executed for the given time.</doc>
<status status="PASS" start="2026-09-11T00:45:53.098937" elapsed="0.100730"/>
</kw>
<kw name="Get Cell Temperature" owner="libraries.ECUSimulatorLibrary">
<msg time="2026-09-11T00:45:53.200254" level="INFO">${read_temp} = 30.0</msg>
<var>${read_temp}</var>
<arg>0</arg>
<doc>Get temperature of a specific battery cell</doc>
<status status="PASS" start="2026-09-11T00:45:53.200013" elapsed="0.000260"/>
</kw>
<kw name="Evaluate" owner="BuiltIn">
<msg time="2026-09-11T00:45:53.200762" level="INFO">${diff} = 0.0</msg>
<var>${diff}</var>
<arg>abs(${read_temp} - ${temp})</arg>
<doc>Evaluates the given expression in Python and returns the result.</doc>
<status status="PASS" start="2026-09-11T00:45:53.200355" elapsed="0.000429"/>
</kw>
<kw name="Should Be True" owner="BuiltIn">
<arg>${diff} &lt; 1.0</arg>
<arg>msg=Temperature reading not precise: expected ${temp}, got ${read_temp}</arg>
<doc>Fails if the given condition is not true.</doc>
<status status="PASS" start="2026-09-11T00:45:53.200869" elapsed="0.000306"/>
</kw>
<kw name="Log" owner="BuiltIn">
<msg time="2026-09-11T00:45:53.201466" level="INFO">Set 30.0C, read 30.0C, diff 0.0C</msg>
<arg>Set ${temp}C, read ${read_temp}C, diff ${diff}C</arg>
<doc>Logs the given message with the given level.</doc>
<status status="PASS" start="2026-09-11T00:45:53.201255" elapsed="0.000257"/>
</kw>
<var name="${temp}">30.0</var>
<status status="PASS" start="2026-09-11T00:45:53.098632" elapsed="0.102903"/>
</iter>
<iter>
<kw name="Set Cell Temperature" owner="libraries.ECUSimulatorLibrary">
<arg>cell_id=0</arg>
<arg>temperature=${temp}</arg>
<doc>Set temperature of a specific battery cell (fault injection)</doc>
<status status="PASS" start="2026-09-11T00:45:53.201704" elapsed="0.000172"/>
</kw>
<kw name="Sleep" owner="BuiltIn">
<msg time="2026-09-11T00:45:53.302216" level="INFO">Slept 100 milliseconds.</msg>
<arg>0.1s</arg>
<doc>Pauses the test executed for the given time.</doc>
<status status="PASS" start="2026-09-11T00:45:53.201942" elapsed="0.100371"/>
</kw>
<kw name="Get Cell Temperature" owner="libraries.ECUSimulatorLibrary">
<msg time="2026-09-11T00:45:53.302634" level="INFO">${read_temp} = 35.0</msg>
<var>${read_temp}</var>
<arg>0</arg>
<doc>Get temperature of a specific battery cell</doc>
<status status="PASS" start="2026-09-11T00:45:53.302421" elapsed="0.000232"/>
</kw>
<kw name="Evaluate" owner="BuiltIn">
<msg time="2026-09-11T00:45:53.303068" level="INFO">${diff} = 0.0</msg>
<var>${diff}</var>
<arg>abs(${read_temp} - ${temp})</arg>
<doc>Evaluates the given expression in Python and returns the result.</doc>
<status status="PASS" start="2026-09-11T00:45:53.302732" elapsed="0.000355"/>
</kw>
<kw name="Should Be True" owner="BuiltIn">
<arg>${diff} &lt; 1.0</arg>
<arg>msg=Temperature reading not precise: expected ${temp}, got ${read_temp}</arg>
<doc>Fails if the given condition is not true.</doc>
<status status="PASS" start="2026-09-11T00:45:53.303161" elapsed="0.000288"/>
</kw>
<kw name="Log" owner="BuiltIn">
<msg time="2026-09-11T00:45:53.303772" level="INFO">Set 35.0C, read 35.0C, diff 0.0C</msg>
<arg>Set ${temp}C, read ${read_temp}C, diff ${diff}C</arg>
<doc>Logs the given message with the given level.</doc>
<status status="PASS" start="2026-09-11T00:45:53.303541" elapsed="0.000266"/>
</kw>
<var name="${temp}">35.0</var>
<status status="PASS" start="2026-09-11T00:45:53.201645" elapsed="0.102185"/>
</iter>
<iter>
<kw name="Set Cell Temperature" owner="libraries.ECUSimulatorLibrary">
<arg>cell_id=0</arg>
<arg>temperature=${temp}</arg>
<doc>Set temperature of a specific battery cell (fault injection)</doc>
<status status="PASS" start="2026-09-11T00:45:53.303978" elapsed="0.000169"/>
</kw>
<kw name="Sleep" owner="BuiltIn">
<msg time="2026-09-11T00:45:53.404545" level="INFO">Slept 100 milliseconds.</msg>
<arg>0.1s</arg>
<doc>Pauses the test executed for the given time.</doc>
<status status="PASS" start="2026-09-11T00:45:53.304217" elapsed="0.100463"/>
</kw>
<kw name="Get Cell Temperature" owner="libraries.ECUSimulatorLibrary">
<msg time="2026-09-11T00:45:53.405028" level="INFO">${read_temp} = 40.0</msg>
<var>${read_temp}</var>
<arg>0</arg>
<doc>Get temperature of a specific battery cell</doc>
<status status="PASS" start="2026-09-11T00:45:53.404813" elapsed="0.000233"/>
</kw>
<kw name="Evaluate" owner="BuiltIn">
<msg time="2026-09-11T00:45:53.405453" level="INFO">${diff} = 0.0</msg>
<var>${diff}</var>
<arg>abs(${read_temp} - ${temp})</arg>
<doc>Evaluates the given expression in Python and returns the result.</doc>
<status status="PASS" start="2026-09-11T00:45:53.405119" elapsed="0.000353"/>
</kw>
<kw name="Should Be True" owner="BuiltIn">
<arg>${diff} &lt; 1.0</arg>
<arg>msg=Temperature reading not precise: expected ${temp}, got ${read_temp}</arg>
<doc>Fails if the given condition is not true.</doc>
<status status="PASS" start="2026-09-11T00:45:53.405598" elapsed="0.000319"/>
</kw>
<kw name="Log" owner="BuiltIn">
<msg time="2026-09-11T00:45:53.406201" level="INFO">Set 40.0C, read 40.0C, diff 0.0C</msg>
<arg>Set ${temp}C, read ${read_temp}C, diff ${diff}C</arg>
<doc>Logs the given message with the given level.</doc>
<status status="PASS" start="2026-09-11T00:45:53.405995" elapsed="0.000238"/>
</kw>
<var name="${temp}">40.0</var>
<status status="PASS" start="2026-09-11T00:45:53.303922" elapsed="0.102332"/>
</iter>
<var>${temp}</var>
<value>@{test_temps}</value>
<status status="PASS" start="2026-09-11T00:45:52.893659" elapsed="0.512620"/>
</for>
<kw name="Clear Battery Faults" owner="libraries.FaultInjectionLibrary">
<msg time="2026-09-11T00:45:53.408484" level="INFO">Cleared all battery faults</msg>
<doc>Clear all injected battery faults</doc>
<status status="PASS" start="2026-09-11T00:45:53.406348" elapsed="0.002181"/>
</kw>
<doc>Verify temperature readings are sufficiently precise</doc>
<tag>battery</tag>
<tag>precision</tag>
<tag>thermal</tag>
<timeout value="30 seconds"/>
<status status="PASS" start="2026-09-11T00:45:52.893031" elapsed="0.515590"/>
</test>
<kw name="Clear All Faults And Stop" type="TEARDOWN">
<kw name="Clear Battery Faults" owner="libraries.FaultInjectionLibrary">
<msg time="2026-09-11T00:45:53.411163" level="INFO">Cleared all battery faults</msg>
<doc>Clear all injected battery faults</doc>
<status status="PASS" start="2026-09-11T00:45:53.409080" elapsed="0.002118"/>
</kw>
<kw name="Stop All Simulations" owner="libraries.ECUSimulatorLibrary">
<msg time="2026-09-11T00:45:53.411314" level="INFO">Stopped all simulations</msg>
<doc>Stop all running ECU simulations</doc>
<status status="PASS" start="2026-09-11T00:45:53.411260" elapsed="0.000092"/>
</kw>
<kw name="Log" owner="BuiltIn">
<msg time="2026-09-11T00:45:53.411576" level="INFO">Battery simulation stopped and faults cleared</msg>
<arg>Battery simulation stopped and faults cleared</arg>
<doc>Logs the given message with the given level.</doc>
<status status="PASS" start="2026-09-11T00:45:53.411408" elapsed="0.000205"/>
</kw>
<doc>Clear faults and stop simulation</doc>
<status status="PASS" start="2026-09-11T00:45:53.408948" elapsed="0.002701"/>
</kw>
<doc>Thermal management functional tests
Tests the battery ECU's thermal monitoring and management.</doc>
<status status="PASS" start="2026-09-11T00:45:51.761410" elapsed="1.650259"/>
</suite>
<status status="PASS" start="2026-09-11T00:45:45.943128" elapsed="7.469043"/>
</suite>
<status status="PASS" start="2026-09-11T00:45:45.918563" elapsed="7.493945"/>
</suite>
<statistics>
<total>
<stat pass="38" fail="0" skip="0">All Tests</stat>
</total>
<tag>
<stat pass="6" fail="0" skip="0">balancing</stat>
<stat pass="23" fail="0" skip="0">battery</stat>
<stat pass="1" fail="0" skip="0">calculation</stat>
<stat pass="4" fail="0" skip="0">cells</stat>
<stat pass="4" fail="0" skip="0">charging</stat>
<stat pass="1" fail="0" skip="0">critical</stat>
<stat pass="2" fail="0" skip="0">discharging</stat>
<stat pass="1" fail="0" skip="0">dtc</stat>
<stat pass="1" fail="0" skip="0">error-handling</stat>
<stat pass="2" fail="0" skip="0">fault</stat>
<stat pass="4" fail="0" skip="0">faults</stat>
<stat pass="1" fail="0" skip="0">health</stat>
<stat pass="15" fail="0" skip="0">http</stat>
<stat pass="2" fail="0" skip="0">limits</stat>
<stat pass="1" fail="0" skip="0">monitoring</stat>
<stat pass="1" fail="0" skip="0">multiple</stat>
<stat pass="1" fail="0" skip="0">overvoltage</stat>
<stat pass="3" fail="0" skip="0">performance</stat>
<stat pass="1" fail="0" skip="0">precision</stat>
<stat pass="1" fail="0" skip="0">recovery</stat>
<stat pass="4" fail="0" skip="0">smoke</stat>
<stat pass="1" fail="0" skip="0">soc</stat>
<stat pass="1" fail="0" skip="0">spread</stat>
<stat pass="1" fail="0" skip="0">state</stat>
<stat pass="1" fail="0" skip="0">status</stat>
<stat pass="3" fail="0" skip="0">temperature</stat>
<stat pass="9" fail="0" skip="0">thermal</stat>
<stat pass="1" fail="0" skip="0">verification</stat>
<stat pass="2" fail="0" skip="0">voltage</stat>
<stat pass="1" fail="0" skip="0">workflow</stat>
</tag>
<suite>
<stat name="Virtual HIL Release Gate" id="s1" pass="38" fail="0" skip="0">Virtual HIL Release Gate</stat>
<stat name="Functional" id="s1-s1" pass="38" fail="0" skip="0">Virtual HIL Release Gate.Functional</stat>
<stat name="Test Battery Http" id="s1-s1-s1" pass="15" fail="0" skip="0">Virtual HIL Release Gate.Functional.Test Battery Http</stat>
<stat name="Test Battery Monitoring" id="s1-s1-s2" pass="9" fail="0" skip="0">Virtual HIL Release Gate.Functional.Test Battery Monitoring</stat>
<stat name="Test Cell Balancing" id="s1-s1-s3" pass="5" fail="0" skip="0">Virtual HIL Release Gate.Functional.Test Cell Balancing</stat>
<stat name="Test Thermal Management" id="s1-s1-s4" pass="9" fail="0" skip="0">Virtual HIL Release Gate.Functional.Test Thermal Management</stat>
</suite>
</statistics>
<errors>
<msg time="2026-09-11T00:45:51.772633" level="WARN">Injected overtemperature on cell 0: 70.0°C</msg>
<msg time="2026-09-11T00:45:51.776680" level="WARN">Injected undertemperature on cell 0: -30.0°C</msg>
<msg time="2026-09-11T00:45:51.780720" level="WARN">Injected overtemperature on cell 1: 65.0°C</msg>
<msg time="2026-09-11T00:45:51.784305" level="WARN">Injected undertemperature on cell 1: -25.0°C</msg>
<msg time="2026-09-11T00:45:51.791926" level="WARN">Injected overtemperature on cell 0: 65.0°C</msg>
<msg time="2026-09-11T00:45:51.796164" level="WARN">Injected overtemperature on cell 0: 70.0°C</msg>
<msg time="2026-09-11T00:45:51.796422" level="WARN">Injected overtemperature on cell 10: 75.0°C</msg>
<msg time="2026-09-11T00:45:51.796681" level="WARN">Injected overtemperature on cell 50: 80.0°C</msg>
<msg time="2026-09-11T00:45:51.890034" level="WARN">Injected overtemperature on cell 0: 70.0°C</msg>
</errors>
</robot>
